	.file	"avrg_temp.cpp"
	.text
	.section	.rodata._Z12print_vectorIiEvRKSt6vectorIT_SaIS1_EE.str1.1,"aMS",@progbits,1
.LC0:
	.string	" "
	.section	.text._Z12print_vectorIiEvRKSt6vectorIT_SaIS1_EE,"axG",@progbits,_Z12print_vectorIiEvRKSt6vectorIT_SaIS1_EE,comdat
	.weak	_Z12print_vectorIiEvRKSt6vectorIT_SaIS1_EE
	.type	_Z12print_vectorIiEvRKSt6vectorIT_SaIS1_EE, @function
_Z12print_vectorIiEvRKSt6vectorIT_SaIS1_EE:
.LFB2221:
	.cfi_startproc
	endbr64
	pushq	%r12
	.cfi_def_cfa_offset 16
	.cfi_offset 12, -16
	pushq	%rbp
	.cfi_def_cfa_offset 24
	.cfi_offset 6, -24
	pushq	%rbx
	.cfi_def_cfa_offset 32
	.cfi_offset 3, -32
	movq	(%rdi), %rbx
	movq	8(%rdi), %rbp
	cmpq	%rbp, %rbx
	je	.L2
	leaq	_ZSt4cout(%rip), %r12
.L3:
	movl	(%rbx), %esi
	movq	%r12, %rdi
	call	_ZNSolsEi@PLT
	movq	%rax, %rdi
	movl	$1, %edx
	leaq	.LC0(%rip), %rsi
	call	_ZSt16__ostream_insertIcSt11char_traitsIcEERSt13basic_ostreamIT_T0_ES6_PKS3_l@PLT
	addq	$4, %rbx
	cmpq	%rbx, %rbp
	jne	.L3
.L2:
	movq	_ZSt4cout(%rip), %rax
	movq	-24(%rax), %rax
	leaq	_ZSt4cout(%rip), %rdx
	movq	240(%rdx,%rax), %rbx
	testq	%rbx, %rbx
	je	.L9
	cmpb	$0, 56(%rbx)
	je	.L5
	movzbl	67(%rbx), %esi
.L6:
	movsbl	%sil, %esi
	leaq	_ZSt4cout(%rip), %rdi
	call	_ZNSo3putEc@PLT
	movq	%rax, %rdi
	call	_ZNSo5flushEv@PLT
	popq	%rbx
	.cfi_remember_state
	.cfi_def_cfa_offset 24
	popq	%rbp
	.cfi_def_cfa_offset 16
	popq	%r12
	.cfi_def_cfa_offset 8
	ret
.L9:
	.cfi_restore_state
	call	_ZSt16__throw_bad_castv@PLT
.L5:
	movq	%rbx, %rdi
	call	_ZNKSt5ctypeIcE13_M_widen_initEv@PLT
	movq	(%rbx), %rax
	movl	$10, %esi
	movq	%rbx, %rdi
	call	*48(%rax)
	movl	%eax, %esi
	jmp	.L6
	.cfi_endproc
.LFE2221:
	.size	_Z12print_vectorIiEvRKSt6vectorIT_SaIS1_EE, .-_Z12print_vectorIiEvRKSt6vectorIT_SaIS1_EE
	.section	.rodata._ZNSt6vectorIiSaIiEE17_M_realloc_insertIJRKiEEEvN9__gnu_cxx17__normal_iteratorIPiS1_EEDpOT_.str1.1,"aMS",@progbits,1
.LC1:
	.string	"vector::_M_realloc_insert"
	.section	.text._ZNSt6vectorIiSaIiEE17_M_realloc_insertIJRKiEEEvN9__gnu_cxx17__normal_iteratorIPiS1_EEDpOT_,"axG",@progbits,_ZNSt6vectorIiSaIiEE17_M_realloc_insertIJRKiEEEvN9__gnu_cxx17__normal_iteratorIPiS1_EEDpOT_,comdat
	.align 2
	.weak	_ZNSt6vectorIiSaIiEE17_M_realloc_insertIJRKiEEEvN9__gnu_cxx17__normal_iteratorIPiS1_EEDpOT_
	.type	_ZNSt6vectorIiSaIiEE17_M_realloc_insertIJRKiEEEvN9__gnu_cxx17__normal_iteratorIPiS1_EEDpOT_, @function
_ZNSt6vectorIiSaIiEE17_M_realloc_insertIJRKiEEEvN9__gnu_cxx17__normal_iteratorIPiS1_EEDpOT_:
.LFB2353:
	.cfi_startproc
	endbr64
	pushq	%r15
	.cfi_def_cfa_offset 16
	.cfi_offset 15, -16
	pushq	%r14
	.cfi_def_cfa_offset 24
	.cfi_offset 14, -24
	pushq	%r13
	.cfi_def_cfa_offset 32
	.cfi_offset 13, -32
	pushq	%r12
	.cfi_def_cfa_offset 40
	.cfi_offset 12, -40
	pushq	%rbp
	.cfi_def_cfa_offset 48
	.cfi_offset 6, -48
	pushq	%rbx
	.cfi_def_cfa_offset 56
	.cfi_offset 3, -56
	subq	$24, %rsp
	.cfi_def_cfa_offset 80
	movq	%rsi, (%rsp)
	movq	%rdx, 8(%rsp)
	movq	8(%rdi), %r12
	movq	(%rdi), %r13
	movq	%r12, %rax
	subq	%r13, %rax
	sarq	$2, %rax
	movq	%rax, %rcx
	movabsq	$2305843009213693951, %rax
	cmpq	%rax, %rcx
	je	.L25
	movq	%rdi, %rbx
	testq	%rcx, %rcx
	movl	$1, %edx
	movq	%rdx, %rax
	cmovne	%rcx, %rax
	addq	%rcx, %rax
	jc	.L12
	movabsq	$2305843009213693951, %r14
	cmpq	%r14, %rax
	cmovbe	%rax, %r14
	movq	(%rsp), %r15
	subq	%r13, %r15
	movl	$0, %ebp
	testq	%rax, %rax
	je	.L13
.L20:
	leaq	0(,%r14,4), %rdi
	call	_Znwm@PLT
	movq	%rax, %rbp
.L13:
	movq	8(%rsp), %rax
	movl	(%rax), %eax
	movl	%eax, 0(%rbp,%r15)
	testq	%r15, %r15
	jg	.L26
	leaq	4(%rbp,%r15), %r15
	subq	(%rsp), %r12
	testq	%r12, %r12
	jle	.L17
.L15:
	movq	%r12, %rdx
	movq	(%rsp), %rsi
	movq	%r15, %rdi
	call	memcpy@PLT
.L17:
	addq	%r15, %r12
	testq	%r13, %r13
	je	.L18
.L19:
	movq	%r13, %rdi
	call	_ZdlPv@PLT
.L18:
	movq	%rbp, (%rbx)
	movq	%r12, 8(%rbx)
	leaq	0(%rbp,%r14,4), %rax
	movq	%rax, 16(%rbx)
	addq	$24, %rsp
	.cfi_remember_state
	.cfi_def_cfa_offset 56
	popq	%rbx
	.cfi_def_cfa_offset 48
	popq	%rbp
	.cfi_def_cfa_offset 40
	popq	%r12
	.cfi_def_cfa_offset 32
	popq	%r13
	.cfi_def_cfa_offset 24
	popq	%r14
	.cfi_def_cfa_offset 16
	popq	%r15
	.cfi_def_cfa_offset 8
	ret
.L25:
	.cfi_restore_state
	leaq	.LC1(%rip), %rdi
	call	_ZSt20__throw_length_errorPKc@PLT
.L26:
	movq	%r15, %rdx
	movq	%r13, %rsi
	movq	%rbp, %rdi
	call	memmove@PLT
	leaq	4(%rbp,%r15), %r15
	subq	(%rsp), %r12
	testq	%r12, %r12
	jg	.L15
	addq	%r15, %r12
	jmp	.L19
.L12:
	movq	(%rsp), %r15
	subq	%r13, %r15
	movabsq	$2305843009213693951, %r14
	jmp	.L20
	.cfi_endproc
.LFE2353:
	.size	_ZNSt6vectorIiSaIiEE17_M_realloc_insertIJRKiEEEvN9__gnu_cxx17__normal_iteratorIPiS1_EEDpOT_, .-_ZNSt6vectorIiSaIiEE17_M_realloc_insertIJRKiEEEvN9__gnu_cxx17__normal_iteratorIPiS1_EEDpOT_
	.section	.rodata.str1.8,"aMS",@progbits,1
	.align 8
.LC2:
	.string	"cannot create std::vector larger than max_size()"
	.text
	.globl	main
	.type	main, @function
main:
.LFB1948:
	.cfi_startproc
	.cfi_personality 0x9b,DW.ref.__gxx_personality_v0
	.cfi_lsda 0x1b,.LLSDA1948
	endbr64
	pushq	%r14
	.cfi_def_cfa_offset 16
	.cfi_offset 14, -16
	pushq	%r13
	.cfi_def_cfa_offset 24
	.cfi_offset 13, -24
	pushq	%r12
	.cfi_def_cfa_offset 32
	.cfi_offset 12, -32
	pushq	%rbp
	.cfi_def_cfa_offset 40
	.cfi_offset 6, -40
	pushq	%rbx
	.cfi_def_cfa_offset 48
	.cfi_offset 3, -48
	subq	$48, %rsp
	.cfi_def_cfa_offset 96
	movq	%fs:40, %rax
	movq	%rax, 40(%rsp)
	xorl	%eax, %eax
	movl	$0, 8(%rsp)
	leaq	8(%rsp), %rsi
	leaq	_ZSt3cin(%rip), %rdi
.LEHB0:
	call	_ZNSirsERi@PLT
	movslq	8(%rsp), %r13
	movabsq	$2305843009213693951, %rax
	cmpq	%rax, %r13
	ja	.L57
	testq	%r13, %r13
	je	.L48
	salq	$2, %r13
	movq	%r13, %rdi
	call	_Znwm@PLT
	movq	%rax, %r12
	addq	%rax, %r13
.L30:
	movl	$0, (%rax)
	addq	$4, %rax
	cmpq	%r13, %rax
	jne	.L30
	movl	8(%rsp), %esi
	movq	%r12, %rbp
	movl	$0, %ebx
	leaq	_ZSt3cin(%rip), %r14
	testl	%esi, %esi
	jg	.L35
.L31:
	movq	%r12, %rcx
	movl	$0, %eax
.L34:
	addl	(%rcx), %eax
	addq	$4, %rcx
	cmpq	%rcx, %r13
	jne	.L34
.L29:
	cltd
	idivl	%esi
	movl	%eax, %ebx
	movq	$0, 16(%rsp)
	movq	$0, 24(%rsp)
	movq	$0, 32(%rsp)
	movl	$0, 12(%rsp)
	cmpl	$0, 8(%rsp)
	jle	.L49
	movl	$0, %ebp
	movl	$0, %ecx
	leaq	12(%rsp), %r13
	jmp	.L40
.L57:
	leaq	.LC2(%rip), %rdi
	call	_ZSt20__throw_length_errorPKc@PLT
.LEHE0:
.L58:
	addl	$1, %ebx
	movl	8(%rsp), %esi
	addq	$4, %rbp
	cmpl	%ebx, %esi
	jle	.L31
.L35:
	movq	%rbp, %rsi
	movq	%r14, %rdi
.LEHB1:
	call	_ZNSirsERi@PLT
.LEHE1:
	jmp	.L58
.L48:
	movl	$0, %esi
	movl	$0, %r12d
	movl	$0, %eax
	jmp	.L29
.L59:
	movl	%ecx, (%rsi)
	addq	$4, 24(%rsp)
.L39:
	addl	$1, %ebp
.L37:
	movl	12(%rsp), %eax
	leal	1(%rax), %ecx
	movl	%ecx, 12(%rsp)
	cmpl	%ecx, 8(%rsp)
	jle	.L36
.L40:
	movslq	%ecx, %rax
	cmpl	(%r12,%rax,4), %ebx
	jge	.L37
	movq	24(%rsp), %rsi
	cmpq	32(%rsp), %rsi
	jne	.L59
	leaq	16(%rsp), %rdi
	movq	%r13, %rdx
.LEHB2:
	call	_ZNSt6vectorIiSaIiEE17_M_realloc_insertIJRKiEEEvN9__gnu_cxx17__normal_iteratorIPiS1_EEDpOT_
	jmp	.L39
.L49:
	movl	$0, %ebp
.L36:
	movl	%ebp, %esi
	leaq	_ZSt4cout(%rip), %rdi
	call	_ZNSolsEi@PLT
	movq	%rax, %rdi
	call	_ZSt4endlIcSt11char_traitsIcEERSt13basic_ostreamIT_T0_ES6_@PLT
	leaq	16(%rsp), %rdi
	call	_Z12print_vectorIiEvRKSt6vectorIT_SaIS1_EE
.LEHE2:
	movq	16(%rsp), %rdi
	testq	%rdi, %rdi
	je	.L41
	call	_ZdlPv@PLT
.L41:
	testq	%r12, %r12
	je	.L42
	movq	%r12, %rdi
	call	_ZdlPv@PLT
.L42:
	movq	40(%rsp), %rax
	xorq	%fs:40, %rax
	jne	.L60
	movl	$0, %eax
	addq	$48, %rsp
	.cfi_remember_state
	.cfi_def_cfa_offset 48
	popq	%rbx
	.cfi_def_cfa_offset 40
	popq	%rbp
	.cfi_def_cfa_offset 32
	popq	%r12
	.cfi_def_cfa_offset 24
	popq	%r13
	.cfi_def_cfa_offset 16
	popq	%r14
	.cfi_def_cfa_offset 8
	ret
.L50:
	.cfi_restore_state
	endbr64
	movq	%rax, %rbx
	movq	16(%rsp), %rdi
	testq	%rdi, %rdi
	je	.L44
	call	_ZdlPv@PLT
.L44:
	testq	%r12, %r12
	jne	.L46
.L45:
	movq	%rbx, %rdi
.LEHB3:
	call	_Unwind_Resume@PLT
.LEHE3:
.L51:
	endbr64
	movq	%rax, %rbx
.L46:
	movq	%r12, %rdi
	call	_ZdlPv@PLT
	jmp	.L45
.L60:
	call	__stack_chk_fail@PLT
	.cfi_endproc
.LFE1948:
	.globl	__gxx_personality_v0
	.section	.gcc_except_table,"a",@progbits
.LLSDA1948:
	.byte	0xff
	.byte	0xff
	.byte	0x1
	.uleb128 .LLSDACSE1948-.LLSDACSB1948
.LLSDACSB1948:
	.uleb128 .LEHB0-.LFB1948
	.uleb128 .LEHE0-.LEHB0
	.uleb128 0
	.uleb128 0
	.uleb128 .LEHB1-.LFB1948
	.uleb128 .LEHE1-.LEHB1
	.uleb128 .L51-.LFB1948
	.uleb128 0
	.uleb128 .LEHB2-.LFB1948
	.uleb128 .LEHE2-.LEHB2
	.uleb128 .L50-.LFB1948
	.uleb128 0
	.uleb128 .LEHB3-.LFB1948
	.uleb128 .LEHE3-.LEHB3
	.uleb128 0
	.uleb128 0
.LLSDACSE1948:
	.text
	.size	main, .-main
	.type	_GLOBAL__sub_I_main, @function
_GLOBAL__sub_I_main:
.LFB2564:
	.cfi_startproc
	endbr64
	subq	$8, %rsp
	.cfi_def_cfa_offset 16
	leaq	_ZStL8__ioinit(%rip), %rdi
	call	_ZNSt8ios_base4InitC1Ev@PLT
	leaq	__dso_handle(%rip), %rdx
	leaq	_ZStL8__ioinit(%rip), %rsi
	movq	_ZNSt8ios_base4InitD1Ev@GOTPCREL(%rip), %rdi
	call	__cxa_atexit@PLT
	addq	$8, %rsp
	.cfi_def_cfa_offset 8
	ret
	.cfi_endproc
.LFE2564:
	.size	_GLOBAL__sub_I_main, .-_GLOBAL__sub_I_main
	.section	.init_array,"aw"
	.align 8
	.quad	_GLOBAL__sub_I_main
	.local	_ZStL8__ioinit
	.comm	_ZStL8__ioinit,1,1
	.hidden	DW.ref.__gxx_personality_v0
	.weak	DW.ref.__gxx_personality_v0
	.section	.data.rel.local.DW.ref.__gxx_personality_v0,"awG",@progbits,DW.ref.__gxx_personality_v0,comdat
	.align 8
	.type	DW.ref.__gxx_personality_v0, @object
	.size	DW.ref.__gxx_personality_v0, 8
DW.ref.__gxx_personality_v0:
	.quad	__gxx_personality_v0
	.hidden	__dso_handle
	.ident	"GCC: (Ubuntu 9.4.0-1ubuntu1~20.04) 9.4.0"
	.section	.note.GNU-stack,"",@progbits
	.section	.note.gnu.property,"a"
	.align 8
	.long	 1f - 0f
	.long	 4f - 1f
	.long	 5
0:
	.string	 "GNU"
1:
	.align 8
	.long	 0xc0000002
	.long	 3f - 2f
2:
	.long	 0x3
3:
	.align 8
4:
