	.file	"avrg_temp.cpp"
	.text
	.section	.rodata
	.type	_ZStL19piecewise_construct, @object
	.size	_ZStL19piecewise_construct, 1
_ZStL19piecewise_construct:
	.zero	1
	.section	.text._ZnwmPv,"axG",@progbits,_ZnwmPv,comdat
	.weak	_ZnwmPv
	.type	_ZnwmPv, @function
_ZnwmPv:
.LFB364:
	.cfi_startproc
	endbr64
	pushq	%rbp
	.cfi_def_cfa_offset 16
	.cfi_offset 6, -16
	movq	%rsp, %rbp
	.cfi_def_cfa_register 6
	movq	%rdi, -8(%rbp)
	movq	%rsi, -16(%rbp)
	movq	-16(%rbp), %rax
	popq	%rbp
	.cfi_def_cfa 7, 8
	ret
	.cfi_endproc
.LFE364:
	.size	_ZnwmPv, .-_ZnwmPv
	.local	_ZStL8__ioinit
	.comm	_ZStL8__ioinit,1,1
	.section	.text._ZNSt12_Vector_baseIiSaIiEE12_Vector_implD2Ev,"axG",@progbits,_ZNSt12_Vector_baseIiSaIiEE12_Vector_implD5Ev,comdat
	.align 2
	.weak	_ZNSt12_Vector_baseIiSaIiEE12_Vector_implD2Ev
	.type	_ZNSt12_Vector_baseIiSaIiEE12_Vector_implD2Ev, @function
_ZNSt12_Vector_baseIiSaIiEE12_Vector_implD2Ev:
.LFB1884:
	.cfi_startproc
	endbr64
	pushq	%rbp
	.cfi_def_cfa_offset 16
	.cfi_offset 6, -16
	movq	%rsp, %rbp
	.cfi_def_cfa_register 6
	subq	$16, %rsp
	movq	%rdi, -8(%rbp)
	movq	-8(%rbp), %rax
	movq	%rax, %rdi
	call	_ZNSaIiED2Ev
	nop
	leave
	.cfi_def_cfa 7, 8
	ret
	.cfi_endproc
.LFE1884:
	.size	_ZNSt12_Vector_baseIiSaIiEE12_Vector_implD2Ev, .-_ZNSt12_Vector_baseIiSaIiEE12_Vector_implD2Ev
	.weak	_ZNSt12_Vector_baseIiSaIiEE12_Vector_implD1Ev
	.set	_ZNSt12_Vector_baseIiSaIiEE12_Vector_implD1Ev,_ZNSt12_Vector_baseIiSaIiEE12_Vector_implD2Ev
	.section	.text._ZNSt12_Vector_baseIiSaIiEEC2Ev,"axG",@progbits,_ZNSt12_Vector_baseIiSaIiEEC5Ev,comdat
	.align 2
	.weak	_ZNSt12_Vector_baseIiSaIiEEC2Ev
	.type	_ZNSt12_Vector_baseIiSaIiEEC2Ev, @function
_ZNSt12_Vector_baseIiSaIiEEC2Ev:
.LFB1886:
	.cfi_startproc
	endbr64
	pushq	%rbp
	.cfi_def_cfa_offset 16
	.cfi_offset 6, -16
	movq	%rsp, %rbp
	.cfi_def_cfa_register 6
	subq	$16, %rsp
	movq	%rdi, -8(%rbp)
	movq	-8(%rbp), %rax
	movq	%rax, %rdi
	call	_ZNSt12_Vector_baseIiSaIiEE12_Vector_implC1Ev
	nop
	leave
	.cfi_def_cfa 7, 8
	ret
	.cfi_endproc
.LFE1886:
	.size	_ZNSt12_Vector_baseIiSaIiEEC2Ev, .-_ZNSt12_Vector_baseIiSaIiEEC2Ev
	.weak	_ZNSt12_Vector_baseIiSaIiEEC1Ev
	.set	_ZNSt12_Vector_baseIiSaIiEEC1Ev,_ZNSt12_Vector_baseIiSaIiEEC2Ev
	.section	.text._ZNSt6vectorIiSaIiEEC2Ev,"axG",@progbits,_ZNSt6vectorIiSaIiEEC5Ev,comdat
	.align 2
	.weak	_ZNSt6vectorIiSaIiEEC2Ev
	.type	_ZNSt6vectorIiSaIiEEC2Ev, @function
_ZNSt6vectorIiSaIiEEC2Ev:
.LFB1888:
	.cfi_startproc
	endbr64
	pushq	%rbp
	.cfi_def_cfa_offset 16
	.cfi_offset 6, -16
	movq	%rsp, %rbp
	.cfi_def_cfa_register 6
	subq	$16, %rsp
	movq	%rdi, -8(%rbp)
	movq	-8(%rbp), %rax
	movq	%rax, %rdi
	call	_ZNSt12_Vector_baseIiSaIiEEC2Ev
	nop
	leave
	.cfi_def_cfa 7, 8
	ret
	.cfi_endproc
.LFE1888:
	.size	_ZNSt6vectorIiSaIiEEC2Ev, .-_ZNSt6vectorIiSaIiEEC2Ev
	.weak	_ZNSt6vectorIiSaIiEEC1Ev
	.set	_ZNSt6vectorIiSaIiEEC1Ev,_ZNSt6vectorIiSaIiEEC2Ev
	.text
	.globl	main
	.type	main, @function
main:
.LFB1880:
	.cfi_startproc
	.cfi_personality 0x9b,DW.ref.__gxx_personality_v0
	.cfi_lsda 0x1b,.LLSDA1880
	endbr64
	pushq	%rbp
	.cfi_def_cfa_offset 16
	.cfi_offset 6, -16
	movq	%rsp, %rbp
	.cfi_def_cfa_register 6
	pushq	%rbx
	subq	$120, %rsp
	.cfi_offset 3, -24
	movq	%fs:40, %rax
	movq	%rax, -24(%rbp)
	xorl	%eax, %eax
	movl	$0, -124(%rbp)
	leaq	-124(%rbp), %rax
	movq	%rax, %rsi
	leaq	_ZSt3cin(%rip), %rdi
.LEHB0:
	call	_ZNSirsERi@PLT
.LEHE0:
	leaq	-48(%rbp), %rax
	movq	%rax, %rdi
	call	_ZNSaIiEC1Ev
	movl	-124(%rbp), %eax
	movslq	%eax, %rcx
	leaq	-48(%rbp), %rdx
	leaq	-80(%rbp), %rax
	movq	%rcx, %rsi
	movq	%rax, %rdi
.LEHB1:
	call	_ZNSt6vectorIiSaIiEEC1EmRKS0_
.LEHE1:
	leaq	-48(%rbp), %rax
	movq	%rax, %rdi
	call	_ZNSaIiED1Ev
	movl	$0, -120(%rbp)
.L8:
	movl	-124(%rbp), %eax
	cmpl	%eax, -120(%rbp)
	jge	.L7
	movl	-120(%rbp), %eax
	movslq	%eax, %rdx
	leaq	-80(%rbp), %rax
	movq	%rdx, %rsi
	movq	%rax, %rdi
	call	_ZNSt6vectorIiSaIiEEixEm
	movq	%rax, %rsi
	leaq	_ZSt3cin(%rip), %rdi
.LEHB2:
	call	_ZNSirsERi@PLT
.LEHE2:
	addl	$1, -120(%rbp)
	jmp	.L8
.L7:
	movl	$0, -116(%rbp)
	leaq	-80(%rbp), %rax
	movq	%rax, -96(%rbp)
	movq	-96(%rbp), %rax
	movq	%rax, %rdi
	call	_ZNSt6vectorIiSaIiEE5beginEv
	movq	%rax, -104(%rbp)
	movq	-96(%rbp), %rax
	movq	%rax, %rdi
	call	_ZNSt6vectorIiSaIiEE3endEv
	movq	%rax, -48(%rbp)
.L10:
	leaq	-48(%rbp), %rdx
	leaq	-104(%rbp), %rax
	movq	%rdx, %rsi
	movq	%rax, %rdi
	call	_ZN9__gnu_cxxneIPiSt6vectorIiSaIiEEEEbRKNS_17__normal_iteratorIT_T0_EESA_
	testb	%al, %al
	je	.L9
	leaq	-104(%rbp), %rax
	movq	%rax, %rdi
	call	_ZNK9__gnu_cxx17__normal_iteratorIPiSt6vectorIiSaIiEEEdeEv
	movl	(%rax), %eax
	movl	%eax, -108(%rbp)
	movl	-108(%rbp), %eax
	addl	%eax, -116(%rbp)
	leaq	-104(%rbp), %rax
	movq	%rax, %rdi
	call	_ZN9__gnu_cxx17__normal_iteratorIPiSt6vectorIiSaIiEEEppEv
	jmp	.L10
.L9:
	movl	-124(%rbp), %ecx
	movl	-116(%rbp), %eax
	cltd
	idivl	%ecx
	cvtsi2sdl	%eax, %xmm0
	movsd	%xmm0, -88(%rbp)
	movl	$0, -112(%rbp)
	movq	$0, -48(%rbp)
	movq	$0, -40(%rbp)
	movq	$0, -32(%rbp)
	leaq	-48(%rbp), %rax
	movq	%rax, %rdi
	call	_ZNSt6vectorIiSaIiEEC1Ev
	movl	$0, -104(%rbp)
.L13:
	movl	-104(%rbp), %edx
	movl	-124(%rbp), %eax
	cmpl	%eax, %edx
	jge	.L11
	movl	-104(%rbp), %eax
	movslq	%eax, %rdx
	leaq	-80(%rbp), %rax
	movq	%rdx, %rsi
	movq	%rax, %rdi
	call	_ZNSt6vectorIiSaIiEEixEm
	movl	(%rax), %eax
	cvtsi2sdl	%eax, %xmm0
	comisd	-88(%rbp), %xmm0
	seta	%al
	testb	%al, %al
	je	.L12
	leaq	-104(%rbp), %rdx
	leaq	-48(%rbp), %rax
	movq	%rdx, %rsi
	movq	%rax, %rdi
.LEHB3:
	call	_ZNSt6vectorIiSaIiEE9push_backERKi
	addl	$1, -112(%rbp)
.L12:
	movl	-104(%rbp), %eax
	addl	$1, %eax
	movl	%eax, -104(%rbp)
	jmp	.L13
.L11:
	movl	-112(%rbp), %eax
	movl	%eax, %esi
	leaq	_ZSt4cout(%rip), %rdi
	call	_ZNSolsEi@PLT
	movq	%rax, %rdx
	movq	_ZSt4endlIcSt11char_traitsIcEERSt13basic_ostreamIT_T0_ES6_@GOTPCREL(%rip), %rax
	movq	%rax, %rsi
	movq	%rdx, %rdi
	call	_ZNSolsEPFRSoS_E@PLT
	leaq	-48(%rbp), %rax
	movq	%rax, %rdi
	call	_Z12print_vectorIiEvRKSt6vectorIT_SaIS1_EE
.LEHE3:
	movl	$0, %ebx
	leaq	-48(%rbp), %rax
	movq	%rax, %rdi
	call	_ZNSt6vectorIiSaIiEED1Ev
	leaq	-80(%rbp), %rax
	movq	%rax, %rdi
	call	_ZNSt6vectorIiSaIiEED1Ev
	movl	%ebx, %eax
	movq	-24(%rbp), %rcx
	xorq	%fs:40, %rcx
	je	.L18
	jmp	.L22
.L19:
	endbr64
	movq	%rax, %rbx
	leaq	-48(%rbp), %rax
	movq	%rax, %rdi
	call	_ZNSaIiED1Ev
	movq	%rbx, %rax
	movq	%rax, %rdi
.LEHB4:
	call	_Unwind_Resume@PLT
.L21:
	endbr64
	movq	%rax, %rbx
	leaq	-48(%rbp), %rax
	movq	%rax, %rdi
	call	_ZNSt6vectorIiSaIiEED1Ev
	jmp	.L17
.L20:
	endbr64
	movq	%rax, %rbx
.L17:
	leaq	-80(%rbp), %rax
	movq	%rax, %rdi
	call	_ZNSt6vectorIiSaIiEED1Ev
	movq	%rbx, %rax
	movq	%rax, %rdi
	call	_Unwind_Resume@PLT
.LEHE4:
.L22:
	call	__stack_chk_fail@PLT
.L18:
	addq	$120, %rsp
	popq	%rbx
	popq	%rbp
	.cfi_def_cfa 7, 8
	ret
	.cfi_endproc
.LFE1880:
	.globl	__gxx_personality_v0
	.section	.gcc_except_table,"a",@progbits
.LLSDA1880:
	.byte	0xff
	.byte	0xff
	.byte	0x1
	.uleb128 .LLSDACSE1880-.LLSDACSB1880
.LLSDACSB1880:
	.uleb128 .LEHB0-.LFB1880
	.uleb128 .LEHE0-.LEHB0
	.uleb128 0
	.uleb128 0
	.uleb128 .LEHB1-.LFB1880
	.uleb128 .LEHE1-.LEHB1
	.uleb128 .L19-.LFB1880
	.uleb128 0
	.uleb128 .LEHB2-.LFB1880
	.uleb128 .LEHE2-.LEHB2
	.uleb128 .L20-.LFB1880
	.uleb128 0
	.uleb128 .LEHB3-.LFB1880
	.uleb128 .LEHE3-.LEHB3
	.uleb128 .L21-.LFB1880
	.uleb128 0
	.uleb128 .LEHB4-.LFB1880
	.uleb128 .LEHE4-.LEHB4
	.uleb128 0
	.uleb128 0
.LLSDACSE1880:
	.text
	.size	main, .-main
	.section	.text._ZNSaIiEC2Ev,"axG",@progbits,_ZNSaIiEC5Ev,comdat
	.align 2
	.weak	_ZNSaIiEC2Ev
	.type	_ZNSaIiEC2Ev, @function
_ZNSaIiEC2Ev:
.LFB2128:
	.cfi_startproc
	endbr64
	pushq	%rbp
	.cfi_def_cfa_offset 16
	.cfi_offset 6, -16
	movq	%rsp, %rbp
	.cfi_def_cfa_register 6
	subq	$16, %rsp
	movq	%rdi, -8(%rbp)
	movq	-8(%rbp), %rax
	movq	%rax, %rdi
	call	_ZN9__gnu_cxx13new_allocatorIiEC2Ev
	nop
	leave
	.cfi_def_cfa 7, 8
	ret
	.cfi_endproc
.LFE2128:
	.size	_ZNSaIiEC2Ev, .-_ZNSaIiEC2Ev
	.weak	_ZNSaIiEC1Ev
	.set	_ZNSaIiEC1Ev,_ZNSaIiEC2Ev
	.section	.text._ZNSaIiED2Ev,"axG",@progbits,_ZNSaIiED5Ev,comdat
	.align 2
	.weak	_ZNSaIiED2Ev
	.type	_ZNSaIiED2Ev, @function
_ZNSaIiED2Ev:
.LFB2131:
	.cfi_startproc
	endbr64
	pushq	%rbp
	.cfi_def_cfa_offset 16
	.cfi_offset 6, -16
	movq	%rsp, %rbp
	.cfi_def_cfa_register 6
	subq	$16, %rsp
	movq	%rdi, -8(%rbp)
	movq	-8(%rbp), %rax
	movq	%rax, %rdi
	call	_ZN9__gnu_cxx13new_allocatorIiED2Ev
	nop
	leave
	.cfi_def_cfa 7, 8
	ret
	.cfi_endproc
.LFE2131:
	.size	_ZNSaIiED2Ev, .-_ZNSaIiED2Ev
	.weak	_ZNSaIiED1Ev
	.set	_ZNSaIiED1Ev,_ZNSaIiED2Ev
	.section	.text._ZNSt6vectorIiSaIiEEC2EmRKS0_,"axG",@progbits,_ZNSt6vectorIiSaIiEEC5EmRKS0_,comdat
	.align 2
	.weak	_ZNSt6vectorIiSaIiEEC2EmRKS0_
	.type	_ZNSt6vectorIiSaIiEEC2EmRKS0_, @function
_ZNSt6vectorIiSaIiEEC2EmRKS0_:
.LFB2134:
	.cfi_startproc
	.cfi_personality 0x9b,DW.ref.__gxx_personality_v0
	.cfi_lsda 0x1b,.LLSDA2134
	endbr64
	pushq	%rbp
	.cfi_def_cfa_offset 16
	.cfi_offset 6, -16
	movq	%rsp, %rbp
	.cfi_def_cfa_register 6
	pushq	%rbx
	subq	$40, %rsp
	.cfi_offset 3, -24
	movq	%rdi, -24(%rbp)
	movq	%rsi, -32(%rbp)
	movq	%rdx, -40(%rbp)
	movq	-24(%rbp), %rbx
	movq	-40(%rbp), %rdx
	movq	-32(%rbp), %rax
	movq	%rdx, %rsi
	movq	%rax, %rdi
.LEHB5:
	call	_ZNSt6vectorIiSaIiEE17_S_check_init_lenEmRKS0_
	movq	%rax, %rcx
	movq	-40(%rbp), %rax
	movq	%rax, %rdx
	movq	%rcx, %rsi
	movq	%rbx, %rdi
	call	_ZNSt12_Vector_baseIiSaIiEEC2EmRKS0_
.LEHE5:
	movq	-32(%rbp), %rdx
	movq	-24(%rbp), %rax
	movq	%rdx, %rsi
	movq	%rax, %rdi
.LEHB6:
	call	_ZNSt6vectorIiSaIiEE21_M_default_initializeEm
.LEHE6:
	jmp	.L28
.L27:
	endbr64
	movq	%rax, %rbx
	movq	-24(%rbp), %rax
	movq	%rax, %rdi
	call	_ZNSt12_Vector_baseIiSaIiEED2Ev
	movq	%rbx, %rax
	movq	%rax, %rdi
.LEHB7:
	call	_Unwind_Resume@PLT
.LEHE7:
.L28:
	addq	$40, %rsp
	popq	%rbx
	popq	%rbp
	.cfi_def_cfa 7, 8
	ret
	.cfi_endproc
.LFE2134:
	.section	.gcc_except_table
.LLSDA2134:
	.byte	0xff
	.byte	0xff
	.byte	0x1
	.uleb128 .LLSDACSE2134-.LLSDACSB2134
.LLSDACSB2134:
	.uleb128 .LEHB5-.LFB2134
	.uleb128 .LEHE5-.LEHB5
	.uleb128 0
	.uleb128 0
	.uleb128 .LEHB6-.LFB2134
	.uleb128 .LEHE6-.LEHB6
	.uleb128 .L27-.LFB2134
	.uleb128 0
	.uleb128 .LEHB7-.LFB2134
	.uleb128 .LEHE7-.LEHB7
	.uleb128 0
	.uleb128 0
.LLSDACSE2134:
	.section	.text._ZNSt6vectorIiSaIiEEC2EmRKS0_,"axG",@progbits,_ZNSt6vectorIiSaIiEEC5EmRKS0_,comdat
	.size	_ZNSt6vectorIiSaIiEEC2EmRKS0_, .-_ZNSt6vectorIiSaIiEEC2EmRKS0_
	.weak	_ZNSt6vectorIiSaIiEEC1EmRKS0_
	.set	_ZNSt6vectorIiSaIiEEC1EmRKS0_,_ZNSt6vectorIiSaIiEEC2EmRKS0_
	.section	.text._ZNSt6vectorIiSaIiEED2Ev,"axG",@progbits,_ZNSt6vectorIiSaIiEED5Ev,comdat
	.align 2
	.weak	_ZNSt6vectorIiSaIiEED2Ev
	.type	_ZNSt6vectorIiSaIiEED2Ev, @function
_ZNSt6vectorIiSaIiEED2Ev:
.LFB2137:
	.cfi_startproc
	.cfi_personality 0x9b,DW.ref.__gxx_personality_v0
	.cfi_lsda 0x1b,.LLSDA2137
	endbr64
	pushq	%rbp
	.cfi_def_cfa_offset 16
	.cfi_offset 6, -16
	movq	%rsp, %rbp
	.cfi_def_cfa_register 6
	subq	$16, %rsp
	movq	%rdi, -8(%rbp)
	movq	-8(%rbp), %rax
	movq	%rax, %rdi
	call	_ZNSt12_Vector_baseIiSaIiEE19_M_get_Tp_allocatorEv
	movq	%rax, %rdx
	movq	-8(%rbp), %rax
	movq	8(%rax), %rcx
	movq	-8(%rbp), %rax
	movq	(%rax), %rax
	movq	%rcx, %rsi
	movq	%rax, %rdi
	call	_ZSt8_DestroyIPiiEvT_S1_RSaIT0_E
	movq	-8(%rbp), %rax
	movq	%rax, %rdi
	call	_ZNSt12_Vector_baseIiSaIiEED2Ev
	nop
	leave
	.cfi_def_cfa 7, 8
	ret
	.cfi_endproc
.LFE2137:
	.section	.gcc_except_table
.LLSDA2137:
	.byte	0xff
	.byte	0xff
	.byte	0x1
	.uleb128 .LLSDACSE2137-.LLSDACSB2137
.LLSDACSB2137:
.LLSDACSE2137:
	.section	.text._ZNSt6vectorIiSaIiEED2Ev,"axG",@progbits,_ZNSt6vectorIiSaIiEED5Ev,comdat
	.size	_ZNSt6vectorIiSaIiEED2Ev, .-_ZNSt6vectorIiSaIiEED2Ev
	.weak	_ZNSt6vectorIiSaIiEED1Ev
	.set	_ZNSt6vectorIiSaIiEED1Ev,_ZNSt6vectorIiSaIiEED2Ev
	.section	.text._ZNSt6vectorIiSaIiEEixEm,"axG",@progbits,_ZNSt6vectorIiSaIiEEixEm,comdat
	.align 2
	.weak	_ZNSt6vectorIiSaIiEEixEm
	.type	_ZNSt6vectorIiSaIiEEixEm, @function
_ZNSt6vectorIiSaIiEEixEm:
.LFB2139:
	.cfi_startproc
	endbr64
	pushq	%rbp
	.cfi_def_cfa_offset 16
	.cfi_offset 6, -16
	movq	%rsp, %rbp
	.cfi_def_cfa_register 6
	movq	%rdi, -8(%rbp)
	movq	%rsi, -16(%rbp)
	movq	-8(%rbp), %rax
	movq	(%rax), %rax
	movq	-16(%rbp), %rdx
	salq	$2, %rdx
	addq	%rdx, %rax
	popq	%rbp
	.cfi_def_cfa 7, 8
	ret
	.cfi_endproc
.LFE2139:
	.size	_ZNSt6vectorIiSaIiEEixEm, .-_ZNSt6vectorIiSaIiEEixEm
	.section	.text._ZNSt6vectorIiSaIiEE5beginEv,"axG",@progbits,_ZNSt6vectorIiSaIiEE5beginEv,comdat
	.align 2
	.weak	_ZNSt6vectorIiSaIiEE5beginEv
	.type	_ZNSt6vectorIiSaIiEE5beginEv, @function
_ZNSt6vectorIiSaIiEE5beginEv:
.LFB2140:
	.cfi_startproc
	endbr64
	pushq	%rbp
	.cfi_def_cfa_offset 16
	.cfi_offset 6, -16
	movq	%rsp, %rbp
	.cfi_def_cfa_register 6
	subq	$32, %rsp
	movq	%rdi, -24(%rbp)
	movq	%fs:40, %rax
	movq	%rax, -8(%rbp)
	xorl	%eax, %eax
	movq	-24(%rbp), %rdx
	leaq	-16(%rbp), %rax
	movq	%rdx, %rsi
	movq	%rax, %rdi
	call	_ZN9__gnu_cxx17__normal_iteratorIPiSt6vectorIiSaIiEEEC1ERKS1_
	movq	-16(%rbp), %rax
	movq	-8(%rbp), %rcx
	xorq	%fs:40, %rcx
	je	.L34
	call	__stack_chk_fail@PLT
.L34:
	leave
	.cfi_def_cfa 7, 8
	ret
	.cfi_endproc
.LFE2140:
	.size	_ZNSt6vectorIiSaIiEE5beginEv, .-_ZNSt6vectorIiSaIiEE5beginEv
	.section	.text._ZNSt6vectorIiSaIiEE3endEv,"axG",@progbits,_ZNSt6vectorIiSaIiEE3endEv,comdat
	.align 2
	.weak	_ZNSt6vectorIiSaIiEE3endEv
	.type	_ZNSt6vectorIiSaIiEE3endEv, @function
_ZNSt6vectorIiSaIiEE3endEv:
.LFB2141:
	.cfi_startproc
	endbr64
	pushq	%rbp
	.cfi_def_cfa_offset 16
	.cfi_offset 6, -16
	movq	%rsp, %rbp
	.cfi_def_cfa_register 6
	subq	$32, %rsp
	movq	%rdi, -24(%rbp)
	movq	%fs:40, %rax
	movq	%rax, -8(%rbp)
	xorl	%eax, %eax
	movq	-24(%rbp), %rax
	leaq	8(%rax), %rdx
	leaq	-16(%rbp), %rax
	movq	%rdx, %rsi
	movq	%rax, %rdi
	call	_ZN9__gnu_cxx17__normal_iteratorIPiSt6vectorIiSaIiEEEC1ERKS1_
	movq	-16(%rbp), %rax
	movq	-8(%rbp), %rcx
	xorq	%fs:40, %rcx
	je	.L37
	call	__stack_chk_fail@PLT
.L37:
	leave
	.cfi_def_cfa 7, 8
	ret
	.cfi_endproc
.LFE2141:
	.size	_ZNSt6vectorIiSaIiEE3endEv, .-_ZNSt6vectorIiSaIiEE3endEv
	.section	.text._ZN9__gnu_cxxneIPiSt6vectorIiSaIiEEEEbRKNS_17__normal_iteratorIT_T0_EESA_,"axG",@progbits,_ZN9__gnu_cxxneIPiSt6vectorIiSaIiEEEEbRKNS_17__normal_iteratorIT_T0_EESA_,comdat
	.weak	_ZN9__gnu_cxxneIPiSt6vectorIiSaIiEEEEbRKNS_17__normal_iteratorIT_T0_EESA_
	.type	_ZN9__gnu_cxxneIPiSt6vectorIiSaIiEEEEbRKNS_17__normal_iteratorIT_T0_EESA_, @function
_ZN9__gnu_cxxneIPiSt6vectorIiSaIiEEEEbRKNS_17__normal_iteratorIT_T0_EESA_:
.LFB2142:
	.cfi_startproc
	endbr64
	pushq	%rbp
	.cfi_def_cfa_offset 16
	.cfi_offset 6, -16
	movq	%rsp, %rbp
	.cfi_def_cfa_register 6
	pushq	%rbx
	subq	$24, %rsp
	.cfi_offset 3, -24
	movq	%rdi, -24(%rbp)
	movq	%rsi, -32(%rbp)
	movq	-24(%rbp), %rax
	movq	%rax, %rdi
	call	_ZNK9__gnu_cxx17__normal_iteratorIPiSt6vectorIiSaIiEEE4baseEv
	movq	(%rax), %rbx
	movq	-32(%rbp), %rax
	movq	%rax, %rdi
	call	_ZNK9__gnu_cxx17__normal_iteratorIPiSt6vectorIiSaIiEEE4baseEv
	movq	(%rax), %rax
	cmpq	%rax, %rbx
	setne	%al
	addq	$24, %rsp
	popq	%rbx
	popq	%rbp
	.cfi_def_cfa 7, 8
	ret
	.cfi_endproc
.LFE2142:
	.size	_ZN9__gnu_cxxneIPiSt6vectorIiSaIiEEEEbRKNS_17__normal_iteratorIT_T0_EESA_, .-_ZN9__gnu_cxxneIPiSt6vectorIiSaIiEEEEbRKNS_17__normal_iteratorIT_T0_EESA_
	.section	.text._ZN9__gnu_cxx17__normal_iteratorIPiSt6vectorIiSaIiEEEppEv,"axG",@progbits,_ZN9__gnu_cxx17__normal_iteratorIPiSt6vectorIiSaIiEEEppEv,comdat
	.align 2
	.weak	_ZN9__gnu_cxx17__normal_iteratorIPiSt6vectorIiSaIiEEEppEv
	.type	_ZN9__gnu_cxx17__normal_iteratorIPiSt6vectorIiSaIiEEEppEv, @function
_ZN9__gnu_cxx17__normal_iteratorIPiSt6vectorIiSaIiEEEppEv:
.LFB2143:
	.cfi_startproc
	endbr64
	pushq	%rbp
	.cfi_def_cfa_offset 16
	.cfi_offset 6, -16
	movq	%rsp, %rbp
	.cfi_def_cfa_register 6
	movq	%rdi, -8(%rbp)
	movq	-8(%rbp), %rax
	movq	(%rax), %rax
	leaq	4(%rax), %rdx
	movq	-8(%rbp), %rax
	movq	%rdx, (%rax)
	movq	-8(%rbp), %rax
	popq	%rbp
	.cfi_def_cfa 7, 8
	ret
	.cfi_endproc
.LFE2143:
	.size	_ZN9__gnu_cxx17__normal_iteratorIPiSt6vectorIiSaIiEEEppEv, .-_ZN9__gnu_cxx17__normal_iteratorIPiSt6vectorIiSaIiEEEppEv
	.section	.text._ZNK9__gnu_cxx17__normal_iteratorIPiSt6vectorIiSaIiEEEdeEv,"axG",@progbits,_ZNK9__gnu_cxx17__normal_iteratorIPiSt6vectorIiSaIiEEEdeEv,comdat
	.align 2
	.weak	_ZNK9__gnu_cxx17__normal_iteratorIPiSt6vectorIiSaIiEEEdeEv
	.type	_ZNK9__gnu_cxx17__normal_iteratorIPiSt6vectorIiSaIiEEEdeEv, @function
_ZNK9__gnu_cxx17__normal_iteratorIPiSt6vectorIiSaIiEEEdeEv:
.LFB2144:
	.cfi_startproc
	endbr64
	pushq	%rbp
	.cfi_def_cfa_offset 16
	.cfi_offset 6, -16
	movq	%rsp, %rbp
	.cfi_def_cfa_register 6
	movq	%rdi, -8(%rbp)
	movq	-8(%rbp), %rax
	movq	(%rax), %rax
	popq	%rbp
	.cfi_def_cfa 7, 8
	ret
	.cfi_endproc
.LFE2144:
	.size	_ZNK9__gnu_cxx17__normal_iteratorIPiSt6vectorIiSaIiEEEdeEv, .-_ZNK9__gnu_cxx17__normal_iteratorIPiSt6vectorIiSaIiEEEdeEv
	.section	.text._ZNSt12_Vector_baseIiSaIiEE12_Vector_implC2Ev,"axG",@progbits,_ZNSt12_Vector_baseIiSaIiEE12_Vector_implC5Ev,comdat
	.align 2
	.weak	_ZNSt12_Vector_baseIiSaIiEE12_Vector_implC2Ev
	.type	_ZNSt12_Vector_baseIiSaIiEE12_Vector_implC2Ev, @function
_ZNSt12_Vector_baseIiSaIiEE12_Vector_implC2Ev:
.LFB2146:
	.cfi_startproc
	endbr64
	pushq	%rbp
	.cfi_def_cfa_offset 16
	.cfi_offset 6, -16
	movq	%rsp, %rbp
	.cfi_def_cfa_register 6
	subq	$16, %rsp
	movq	%rdi, -8(%rbp)
	movq	-8(%rbp), %rax
	movq	%rax, %rdi
	call	_ZNSaIiEC2Ev
	movq	-8(%rbp), %rax
	movq	%rax, %rdi
	call	_ZNSt12_Vector_baseIiSaIiEE17_Vector_impl_dataC2Ev
	nop
	leave
	.cfi_def_cfa 7, 8
	ret
	.cfi_endproc
.LFE2146:
	.size	_ZNSt12_Vector_baseIiSaIiEE12_Vector_implC2Ev, .-_ZNSt12_Vector_baseIiSaIiEE12_Vector_implC2Ev
	.weak	_ZNSt12_Vector_baseIiSaIiEE12_Vector_implC1Ev
	.set	_ZNSt12_Vector_baseIiSaIiEE12_Vector_implC1Ev,_ZNSt12_Vector_baseIiSaIiEE12_Vector_implC2Ev
	.section	.text._ZNSt12_Vector_baseIiSaIiEED2Ev,"axG",@progbits,_ZNSt12_Vector_baseIiSaIiEED5Ev,comdat
	.align 2
	.weak	_ZNSt12_Vector_baseIiSaIiEED2Ev
	.type	_ZNSt12_Vector_baseIiSaIiEED2Ev, @function
_ZNSt12_Vector_baseIiSaIiEED2Ev:
.LFB2149:
	.cfi_startproc
	.cfi_personality 0x9b,DW.ref.__gxx_personality_v0
	.cfi_lsda 0x1b,.LLSDA2149
	endbr64
	pushq	%rbp
	.cfi_def_cfa_offset 16
	.cfi_offset 6, -16
	movq	%rsp, %rbp
	.cfi_def_cfa_register 6
	subq	$16, %rsp
	movq	%rdi, -8(%rbp)
	movq	-8(%rbp), %rax
	movq	16(%rax), %rdx
	movq	-8(%rbp), %rax
	movq	(%rax), %rax
	subq	%rax, %rdx
	movq	%rdx, %rax
	sarq	$2, %rax
	movq	%rax, %rdx
	movq	-8(%rbp), %rax
	movq	(%rax), %rcx
	movq	-8(%rbp), %rax
	movq	%rcx, %rsi
	movq	%rax, %rdi
	call	_ZNSt12_Vector_baseIiSaIiEE13_M_deallocateEPim
	movq	-8(%rbp), %rax
	movq	%rax, %rdi
	call	_ZNSt12_Vector_baseIiSaIiEE12_Vector_implD1Ev
	nop
	leave
	.cfi_def_cfa 7, 8
	ret
	.cfi_endproc
.LFE2149:
	.section	.gcc_except_table
.LLSDA2149:
	.byte	0xff
	.byte	0xff
	.byte	0x1
	.uleb128 .LLSDACSE2149-.LLSDACSB2149
.LLSDACSB2149:
.LLSDACSE2149:
	.section	.text._ZNSt12_Vector_baseIiSaIiEED2Ev,"axG",@progbits,_ZNSt12_Vector_baseIiSaIiEED5Ev,comdat
	.size	_ZNSt12_Vector_baseIiSaIiEED2Ev, .-_ZNSt12_Vector_baseIiSaIiEED2Ev
	.weak	_ZNSt12_Vector_baseIiSaIiEED1Ev
	.set	_ZNSt12_Vector_baseIiSaIiEED1Ev,_ZNSt12_Vector_baseIiSaIiEED2Ev
	.section	.text._ZNSt6vectorIiSaIiEE9push_backERKi,"axG",@progbits,_ZNSt6vectorIiSaIiEE9push_backERKi,comdat
	.align 2
	.weak	_ZNSt6vectorIiSaIiEE9push_backERKi
	.type	_ZNSt6vectorIiSaIiEE9push_backERKi, @function
_ZNSt6vectorIiSaIiEE9push_backERKi:
.LFB2151:
	.cfi_startproc
	endbr64
	pushq	%rbp
	.cfi_def_cfa_offset 16
	.cfi_offset 6, -16
	movq	%rsp, %rbp
	.cfi_def_cfa_register 6
	subq	$16, %rsp
	movq	%rdi, -8(%rbp)
	movq	%rsi, -16(%rbp)
	movq	-8(%rbp), %rax
	movq	8(%rax), %rdx
	movq	-8(%rbp), %rax
	movq	16(%rax), %rax
	cmpq	%rax, %rdx
	je	.L47
	movq	-8(%rbp), %rax
	movq	8(%rax), %rcx
	movq	-8(%rbp), %rax
	movq	-16(%rbp), %rdx
	movq	%rcx, %rsi
	movq	%rax, %rdi
	call	_ZNSt16allocator_traitsISaIiEE9constructIiJRKiEEEvRS0_PT_DpOT0_
	movq	-8(%rbp), %rax
	movq	8(%rax), %rax
	leaq	4(%rax), %rdx
	movq	-8(%rbp), %rax
	movq	%rdx, 8(%rax)
	jmp	.L49
.L47:
	movq	-8(%rbp), %rax
	movq	%rax, %rdi
	call	_ZNSt6vectorIiSaIiEE3endEv
	movq	%rax, %rcx
	movq	-16(%rbp), %rdx
	movq	-8(%rbp), %rax
	movq	%rcx, %rsi
	movq	%rax, %rdi
	call	_ZNSt6vectorIiSaIiEE17_M_realloc_insertIJRKiEEEvN9__gnu_cxx17__normal_iteratorIPiS1_EEDpOT_
.L49:
	nop
	leave
	.cfi_def_cfa 7, 8
	ret
	.cfi_endproc
.LFE2151:
	.size	_ZNSt6vectorIiSaIiEE9push_backERKi, .-_ZNSt6vectorIiSaIiEE9push_backERKi
	.section	.rodata
.LC0:
	.string	" "
	.section	.text._Z12print_vectorIiEvRKSt6vectorIT_SaIS1_EE,"axG",@progbits,_Z12print_vectorIiEvRKSt6vectorIT_SaIS1_EE,comdat
	.weak	_Z12print_vectorIiEvRKSt6vectorIT_SaIS1_EE
	.type	_Z12print_vectorIiEvRKSt6vectorIT_SaIS1_EE, @function
_Z12print_vectorIiEvRKSt6vectorIT_SaIS1_EE:
.LFB2154:
	.cfi_startproc
	endbr64
	pushq	%rbp
	.cfi_def_cfa_offset 16
	.cfi_offset 6, -16
	movq	%rsp, %rbp
	.cfi_def_cfa_register 6
	subq	$64, %rsp
	movq	%rdi, -56(%rbp)
	movq	%fs:40, %rax
	movq	%rax, -8(%rbp)
	xorl	%eax, %eax
	movq	-56(%rbp), %rax
	movq	%rax, -24(%rbp)
	movq	-24(%rbp), %rax
	movq	%rax, %rdi
	call	_ZNKSt6vectorIiSaIiEE5beginEv
	movq	%rax, -40(%rbp)
	movq	-24(%rbp), %rax
	movq	%rax, %rdi
	call	_ZNKSt6vectorIiSaIiEE3endEv
	movq	%rax, -32(%rbp)
.L52:
	leaq	-32(%rbp), %rdx
	leaq	-40(%rbp), %rax
	movq	%rdx, %rsi
	movq	%rax, %rdi
	call	_ZN9__gnu_cxxneIPKiSt6vectorIiSaIiEEEEbRKNS_17__normal_iteratorIT_T0_EESB_
	testb	%al, %al
	je	.L51
	leaq	-40(%rbp), %rax
	movq	%rax, %rdi
	call	_ZNK9__gnu_cxx17__normal_iteratorIPKiSt6vectorIiSaIiEEEdeEv
	movq	%rax, -16(%rbp)
	movq	-16(%rbp), %rax
	movl	(%rax), %eax
	movl	%eax, %esi
	leaq	_ZSt4cout(%rip), %rdi
	call	_ZNSolsEi@PLT
	leaq	.LC0(%rip), %rsi
	movq	%rax, %rdi
	call	_ZStlsISt11char_traitsIcEERSt13basic_ostreamIcT_ES5_PKc@PLT
	leaq	-40(%rbp), %rax
	movq	%rax, %rdi
	call	_ZN9__gnu_cxx17__normal_iteratorIPKiSt6vectorIiSaIiEEEppEv
	jmp	.L52
.L51:
	movq	_ZSt4endlIcSt11char_traitsIcEERSt13basic_ostreamIT_T0_ES6_@GOTPCREL(%rip), %rax
	movq	%rax, %rsi
	leaq	_ZSt4cout(%rip), %rdi
	call	_ZNSolsEPFRSoS_E@PLT
	nop
	movq	-8(%rbp), %rax
	xorq	%fs:40, %rax
	je	.L53
	call	__stack_chk_fail@PLT
.L53:
	leave
	.cfi_def_cfa 7, 8
	ret
	.cfi_endproc
.LFE2154:
	.size	_Z12print_vectorIiEvRKSt6vectorIT_SaIS1_EE, .-_Z12print_vectorIiEvRKSt6vectorIT_SaIS1_EE
	.section	.text._ZN9__gnu_cxx13new_allocatorIiEC2Ev,"axG",@progbits,_ZN9__gnu_cxx13new_allocatorIiEC5Ev,comdat
	.align 2
	.weak	_ZN9__gnu_cxx13new_allocatorIiEC2Ev
	.type	_ZN9__gnu_cxx13new_allocatorIiEC2Ev, @function
_ZN9__gnu_cxx13new_allocatorIiEC2Ev:
.LFB2264:
	.cfi_startproc
	endbr64
	pushq	%rbp
	.cfi_def_cfa_offset 16
	.cfi_offset 6, -16
	movq	%rsp, %rbp
	.cfi_def_cfa_register 6
	movq	%rdi, -8(%rbp)
	nop
	popq	%rbp
	.cfi_def_cfa 7, 8
	ret
	.cfi_endproc
.LFE2264:
	.size	_ZN9__gnu_cxx13new_allocatorIiEC2Ev, .-_ZN9__gnu_cxx13new_allocatorIiEC2Ev
	.weak	_ZN9__gnu_cxx13new_allocatorIiEC1Ev
	.set	_ZN9__gnu_cxx13new_allocatorIiEC1Ev,_ZN9__gnu_cxx13new_allocatorIiEC2Ev
	.section	.text._ZN9__gnu_cxx13new_allocatorIiED2Ev,"axG",@progbits,_ZN9__gnu_cxx13new_allocatorIiED5Ev,comdat
	.align 2
	.weak	_ZN9__gnu_cxx13new_allocatorIiED2Ev
	.type	_ZN9__gnu_cxx13new_allocatorIiED2Ev, @function
_ZN9__gnu_cxx13new_allocatorIiED2Ev:
.LFB2267:
	.cfi_startproc
	endbr64
	pushq	%rbp
	.cfi_def_cfa_offset 16
	.cfi_offset 6, -16
	movq	%rsp, %rbp
	.cfi_def_cfa_register 6
	movq	%rdi, -8(%rbp)
	nop
	popq	%rbp
	.cfi_def_cfa 7, 8
	ret
	.cfi_endproc
.LFE2267:
	.size	_ZN9__gnu_cxx13new_allocatorIiED2Ev, .-_ZN9__gnu_cxx13new_allocatorIiED2Ev
	.weak	_ZN9__gnu_cxx13new_allocatorIiED1Ev
	.set	_ZN9__gnu_cxx13new_allocatorIiED1Ev,_ZN9__gnu_cxx13new_allocatorIiED2Ev
	.section	.rodata
	.align 8
.LC1:
	.string	"cannot create std::vector larger than max_size()"
	.section	.text._ZNSt6vectorIiSaIiEE17_S_check_init_lenEmRKS0_,"axG",@progbits,_ZNSt6vectorIiSaIiEE17_S_check_init_lenEmRKS0_,comdat
	.weak	_ZNSt6vectorIiSaIiEE17_S_check_init_lenEmRKS0_
	.type	_ZNSt6vectorIiSaIiEE17_S_check_init_lenEmRKS0_, @function
_ZNSt6vectorIiSaIiEE17_S_check_init_lenEmRKS0_:
.LFB2269:
	.cfi_startproc
	endbr64
	pushq	%rbp
	.cfi_def_cfa_offset 16
	.cfi_offset 6, -16
	movq	%rsp, %rbp
	.cfi_def_cfa_register 6
	pushq	%rbx
	subq	$40, %rsp
	.cfi_offset 3, -24
	movq	%rdi, -40(%rbp)
	movq	%rsi, -48(%rbp)
	movq	%fs:40, %rax
	movq	%rax, -24(%rbp)
	xorl	%eax, %eax
	movq	-48(%rbp), %rdx
	leaq	-25(%rbp), %rax
	movq	%rdx, %rsi
	movq	%rax, %rdi
	call	_ZNSaIiEC1ERKS_
	leaq	-25(%rbp), %rax
	movq	%rax, %rdi
	call	_ZNSt6vectorIiSaIiEE11_S_max_sizeERKS0_
	cmpq	%rax, -40(%rbp)
	seta	%bl
	leaq	-25(%rbp), %rax
	movq	%rax, %rdi
	call	_ZNSaIiED1Ev
	testb	%bl, %bl
	je	.L57
	leaq	.LC1(%rip), %rdi
	call	_ZSt20__throw_length_errorPKc@PLT
.L57:
	movq	-40(%rbp), %rax
	movq	-24(%rbp), %rcx
	xorq	%fs:40, %rcx
	je	.L59
	call	__stack_chk_fail@PLT
.L59:
	addq	$40, %rsp
	popq	%rbx
	popq	%rbp
	.cfi_def_cfa 7, 8
	ret
	.cfi_endproc
.LFE2269:
	.size	_ZNSt6vectorIiSaIiEE17_S_check_init_lenEmRKS0_, .-_ZNSt6vectorIiSaIiEE17_S_check_init_lenEmRKS0_
	.section	.text._ZNSt12_Vector_baseIiSaIiEEC2EmRKS0_,"axG",@progbits,_ZNSt12_Vector_baseIiSaIiEEC5EmRKS0_,comdat
	.align 2
	.weak	_ZNSt12_Vector_baseIiSaIiEEC2EmRKS0_
	.type	_ZNSt12_Vector_baseIiSaIiEEC2EmRKS0_, @function
_ZNSt12_Vector_baseIiSaIiEEC2EmRKS0_:
.LFB2271:
	.cfi_startproc
	.cfi_personality 0x9b,DW.ref.__gxx_personality_v0
	.cfi_lsda 0x1b,.LLSDA2271
	endbr64
	pushq	%rbp
	.cfi_def_cfa_offset 16
	.cfi_offset 6, -16
	movq	%rsp, %rbp
	.cfi_def_cfa_register 6
	pushq	%rbx
	subq	$40, %rsp
	.cfi_offset 3, -24
	movq	%rdi, -24(%rbp)
	movq	%rsi, -32(%rbp)
	movq	%rdx, -40(%rbp)
	movq	-24(%rbp), %rax
	movq	-40(%rbp), %rdx
	movq	%rdx, %rsi
	movq	%rax, %rdi
	call	_ZNSt12_Vector_baseIiSaIiEE12_Vector_implC1ERKS0_
	movq	-32(%rbp), %rdx
	movq	-24(%rbp), %rax
	movq	%rdx, %rsi
	movq	%rax, %rdi
.LEHB8:
	call	_ZNSt12_Vector_baseIiSaIiEE17_M_create_storageEm
.LEHE8:
	jmp	.L63
.L62:
	endbr64
	movq	%rax, %rbx
	movq	-24(%rbp), %rax
	movq	%rax, %rdi
	call	_ZNSt12_Vector_baseIiSaIiEE12_Vector_implD1Ev
	movq	%rbx, %rax
	movq	%rax, %rdi
.LEHB9:
	call	_Unwind_Resume@PLT
.LEHE9:
.L63:
	addq	$40, %rsp
	popq	%rbx
	popq	%rbp
	.cfi_def_cfa 7, 8
	ret
	.cfi_endproc
.LFE2271:
	.section	.gcc_except_table
.LLSDA2271:
	.byte	0xff
	.byte	0xff
	.byte	0x1
	.uleb128 .LLSDACSE2271-.LLSDACSB2271
.LLSDACSB2271:
	.uleb128 .LEHB8-.LFB2271
	.uleb128 .LEHE8-.LEHB8
	.uleb128 .L62-.LFB2271
	.uleb128 0
	.uleb128 .LEHB9-.LFB2271
	.uleb128 .LEHE9-.LEHB9
	.uleb128 0
	.uleb128 0
.LLSDACSE2271:
	.section	.text._ZNSt12_Vector_baseIiSaIiEEC2EmRKS0_,"axG",@progbits,_ZNSt12_Vector_baseIiSaIiEEC5EmRKS0_,comdat
	.size	_ZNSt12_Vector_baseIiSaIiEEC2EmRKS0_, .-_ZNSt12_Vector_baseIiSaIiEEC2EmRKS0_
	.weak	_ZNSt12_Vector_baseIiSaIiEEC1EmRKS0_
	.set	_ZNSt12_Vector_baseIiSaIiEEC1EmRKS0_,_ZNSt12_Vector_baseIiSaIiEEC2EmRKS0_
	.section	.text._ZNSt6vectorIiSaIiEE21_M_default_initializeEm,"axG",@progbits,_ZNSt6vectorIiSaIiEE21_M_default_initializeEm,comdat
	.align 2
	.weak	_ZNSt6vectorIiSaIiEE21_M_default_initializeEm
	.type	_ZNSt6vectorIiSaIiEE21_M_default_initializeEm, @function
_ZNSt6vectorIiSaIiEE21_M_default_initializeEm:
.LFB2273:
	.cfi_startproc
	endbr64
	pushq	%rbp
	.cfi_def_cfa_offset 16
	.cfi_offset 6, -16
	movq	%rsp, %rbp
	.cfi_def_cfa_register 6
	subq	$16, %rsp
	movq	%rdi, -8(%rbp)
	movq	%rsi, -16(%rbp)
	movq	-8(%rbp), %rax
	movq	%rax, %rdi
	call	_ZNSt12_Vector_baseIiSaIiEE19_M_get_Tp_allocatorEv
	movq	%rax, %rdx
	movq	-8(%rbp), %rax
	movq	(%rax), %rax
	movq	-16(%rbp), %rcx
	movq	%rcx, %rsi
	movq	%rax, %rdi
	call	_ZSt27__uninitialized_default_n_aIPimiET_S1_T0_RSaIT1_E
	movq	-8(%rbp), %rdx
	movq	%rax, 8(%rdx)
	nop
	leave
	.cfi_def_cfa 7, 8
	ret
	.cfi_endproc
.LFE2273:
	.size	_ZNSt6vectorIiSaIiEE21_M_default_initializeEm, .-_ZNSt6vectorIiSaIiEE21_M_default_initializeEm
	.section	.text._ZNSt12_Vector_baseIiSaIiEE19_M_get_Tp_allocatorEv,"axG",@progbits,_ZNSt12_Vector_baseIiSaIiEE19_M_get_Tp_allocatorEv,comdat
	.align 2
	.weak	_ZNSt12_Vector_baseIiSaIiEE19_M_get_Tp_allocatorEv
	.type	_ZNSt12_Vector_baseIiSaIiEE19_M_get_Tp_allocatorEv, @function
_ZNSt12_Vector_baseIiSaIiEE19_M_get_Tp_allocatorEv:
.LFB2274:
	.cfi_startproc
	endbr64
	pushq	%rbp
	.cfi_def_cfa_offset 16
	.cfi_offset 6, -16
	movq	%rsp, %rbp
	.cfi_def_cfa_register 6
	movq	%rdi, -8(%rbp)
	movq	-8(%rbp), %rax
	popq	%rbp
	.cfi_def_cfa 7, 8
	ret
	.cfi_endproc
.LFE2274:
	.size	_ZNSt12_Vector_baseIiSaIiEE19_M_get_Tp_allocatorEv, .-_ZNSt12_Vector_baseIiSaIiEE19_M_get_Tp_allocatorEv
	.section	.text._ZSt8_DestroyIPiiEvT_S1_RSaIT0_E,"axG",@progbits,_ZSt8_DestroyIPiiEvT_S1_RSaIT0_E,comdat
	.weak	_ZSt8_DestroyIPiiEvT_S1_RSaIT0_E
	.type	_ZSt8_DestroyIPiiEvT_S1_RSaIT0_E, @function
_ZSt8_DestroyIPiiEvT_S1_RSaIT0_E:
.LFB2275:
	.cfi_startproc
	endbr64
	pushq	%rbp
	.cfi_def_cfa_offset 16
	.cfi_offset 6, -16
	movq	%rsp, %rbp
	.cfi_def_cfa_register 6
	subq	$32, %rsp
	movq	%rdi, -8(%rbp)
	movq	%rsi, -16(%rbp)
	movq	%rdx, -24(%rbp)
	movq	-16(%rbp), %rdx
	movq	-8(%rbp), %rax
	movq	%rdx, %rsi
	movq	%rax, %rdi
	call	_ZSt8_DestroyIPiEvT_S1_
	nop
	leave
	.cfi_def_cfa 7, 8
	ret
	.cfi_endproc
.LFE2275:
	.size	_ZSt8_DestroyIPiiEvT_S1_RSaIT0_E, .-_ZSt8_DestroyIPiiEvT_S1_RSaIT0_E
	.section	.text._ZN9__gnu_cxx17__normal_iteratorIPiSt6vectorIiSaIiEEEC2ERKS1_,"axG",@progbits,_ZN9__gnu_cxx17__normal_iteratorIPiSt6vectorIiSaIiEEEC5ERKS1_,comdat
	.align 2
	.weak	_ZN9__gnu_cxx17__normal_iteratorIPiSt6vectorIiSaIiEEEC2ERKS1_
	.type	_ZN9__gnu_cxx17__normal_iteratorIPiSt6vectorIiSaIiEEEC2ERKS1_, @function
_ZN9__gnu_cxx17__normal_iteratorIPiSt6vectorIiSaIiEEEC2ERKS1_:
.LFB2277:
	.cfi_startproc
	endbr64
	pushq	%rbp
	.cfi_def_cfa_offset 16
	.cfi_offset 6, -16
	movq	%rsp, %rbp
	.cfi_def_cfa_register 6
	movq	%rdi, -8(%rbp)
	movq	%rsi, -16(%rbp)
	movq	-16(%rbp), %rax
	movq	(%rax), %rdx
	movq	-8(%rbp), %rax
	movq	%rdx, (%rax)
	nop
	popq	%rbp
	.cfi_def_cfa 7, 8
	ret
	.cfi_endproc
.LFE2277:
	.size	_ZN9__gnu_cxx17__normal_iteratorIPiSt6vectorIiSaIiEEEC2ERKS1_, .-_ZN9__gnu_cxx17__normal_iteratorIPiSt6vectorIiSaIiEEEC2ERKS1_
	.weak	_ZN9__gnu_cxx17__normal_iteratorIPiSt6vectorIiSaIiEEEC1ERKS1_
	.set	_ZN9__gnu_cxx17__normal_iteratorIPiSt6vectorIiSaIiEEEC1ERKS1_,_ZN9__gnu_cxx17__normal_iteratorIPiSt6vectorIiSaIiEEEC2ERKS1_
	.section	.text._ZNK9__gnu_cxx17__normal_iteratorIPiSt6vectorIiSaIiEEE4baseEv,"axG",@progbits,_ZNK9__gnu_cxx17__normal_iteratorIPiSt6vectorIiSaIiEEE4baseEv,comdat
	.align 2
	.weak	_ZNK9__gnu_cxx17__normal_iteratorIPiSt6vectorIiSaIiEEE4baseEv
	.type	_ZNK9__gnu_cxx17__normal_iteratorIPiSt6vectorIiSaIiEEE4baseEv, @function
_ZNK9__gnu_cxx17__normal_iteratorIPiSt6vectorIiSaIiEEE4baseEv:
.LFB2279:
	.cfi_startproc
	endbr64
	pushq	%rbp
	.cfi_def_cfa_offset 16
	.cfi_offset 6, -16
	movq	%rsp, %rbp
	.cfi_def_cfa_register 6
	movq	%rdi, -8(%rbp)
	movq	-8(%rbp), %rax
	popq	%rbp
	.cfi_def_cfa 7, 8
	ret
	.cfi_endproc
.LFE2279:
	.size	_ZNK9__gnu_cxx17__normal_iteratorIPiSt6vectorIiSaIiEEE4baseEv, .-_ZNK9__gnu_cxx17__normal_iteratorIPiSt6vectorIiSaIiEEE4baseEv
	.section	.text._ZNSt12_Vector_baseIiSaIiEE17_Vector_impl_dataC2Ev,"axG",@progbits,_ZNSt12_Vector_baseIiSaIiEE17_Vector_impl_dataC5Ev,comdat
	.align 2
	.weak	_ZNSt12_Vector_baseIiSaIiEE17_Vector_impl_dataC2Ev
	.type	_ZNSt12_Vector_baseIiSaIiEE17_Vector_impl_dataC2Ev, @function
_ZNSt12_Vector_baseIiSaIiEE17_Vector_impl_dataC2Ev:
.LFB2281:
	.cfi_startproc
	endbr64
	pushq	%rbp
	.cfi_def_cfa_offset 16
	.cfi_offset 6, -16
	movq	%rsp, %rbp
	.cfi_def_cfa_register 6
	movq	%rdi, -8(%rbp)
	movq	-8(%rbp), %rax
	movq	$0, (%rax)
	movq	-8(%rbp), %rax
	movq	$0, 8(%rax)
	movq	-8(%rbp), %rax
	movq	$0, 16(%rax)
	nop
	popq	%rbp
	.cfi_def_cfa 7, 8
	ret
	.cfi_endproc
.LFE2281:
	.size	_ZNSt12_Vector_baseIiSaIiEE17_Vector_impl_dataC2Ev, .-_ZNSt12_Vector_baseIiSaIiEE17_Vector_impl_dataC2Ev
	.weak	_ZNSt12_Vector_baseIiSaIiEE17_Vector_impl_dataC1Ev
	.set	_ZNSt12_Vector_baseIiSaIiEE17_Vector_impl_dataC1Ev,_ZNSt12_Vector_baseIiSaIiEE17_Vector_impl_dataC2Ev
	.section	.text._ZNSt12_Vector_baseIiSaIiEE13_M_deallocateEPim,"axG",@progbits,_ZNSt12_Vector_baseIiSaIiEE13_M_deallocateEPim,comdat
	.align 2
	.weak	_ZNSt12_Vector_baseIiSaIiEE13_M_deallocateEPim
	.type	_ZNSt12_Vector_baseIiSaIiEE13_M_deallocateEPim, @function
_ZNSt12_Vector_baseIiSaIiEE13_M_deallocateEPim:
.LFB2283:
	.cfi_startproc
	endbr64
	pushq	%rbp
	.cfi_def_cfa_offset 16
	.cfi_offset 6, -16
	movq	%rsp, %rbp
	.cfi_def_cfa_register 6
	subq	$32, %rsp
	movq	%rdi, -8(%rbp)
	movq	%rsi, -16(%rbp)
	movq	%rdx, -24(%rbp)
	cmpq	$0, -16(%rbp)
	je	.L74
	movq	-8(%rbp), %rax
	movq	-24(%rbp), %rdx
	movq	-16(%rbp), %rcx
	movq	%rcx, %rsi
	movq	%rax, %rdi
	call	_ZNSt16allocator_traitsISaIiEE10deallocateERS0_Pim
.L74:
	nop
	leave
	.cfi_def_cfa 7, 8
	ret
	.cfi_endproc
.LFE2283:
	.size	_ZNSt12_Vector_baseIiSaIiEE13_M_deallocateEPim, .-_ZNSt12_Vector_baseIiSaIiEE13_M_deallocateEPim
	.section	.text._ZNSt16allocator_traitsISaIiEE9constructIiJRKiEEEvRS0_PT_DpOT0_,"axG",@progbits,_ZNSt16allocator_traitsISaIiEE9constructIiJRKiEEEvRS0_PT_DpOT0_,comdat
	.weak	_ZNSt16allocator_traitsISaIiEE9constructIiJRKiEEEvRS0_PT_DpOT0_
	.type	_ZNSt16allocator_traitsISaIiEE9constructIiJRKiEEEvRS0_PT_DpOT0_, @function
_ZNSt16allocator_traitsISaIiEE9constructIiJRKiEEEvRS0_PT_DpOT0_:
.LFB2284:
	.cfi_startproc
	endbr64
	pushq	%rbp
	.cfi_def_cfa_offset 16
	.cfi_offset 6, -16
	movq	%rsp, %rbp
	.cfi_def_cfa_register 6
	subq	$32, %rsp
	movq	%rdi, -8(%rbp)
	movq	%rsi, -16(%rbp)
	movq	%rdx, -24(%rbp)
	movq	-24(%rbp), %rax
	movq	%rax, %rdi
	call	_ZSt7forwardIRKiEOT_RNSt16remove_referenceIS2_E4typeE
	movq	%rax, %rdx
	movq	-16(%rbp), %rcx
	movq	-8(%rbp), %rax
	movq	%rcx, %rsi
	movq	%rax, %rdi
	call	_ZN9__gnu_cxx13new_allocatorIiE9constructIiJRKiEEEvPT_DpOT0_
	nop
	leave
	.cfi_def_cfa 7, 8
	ret
	.cfi_endproc
.LFE2284:
	.size	_ZNSt16allocator_traitsISaIiEE9constructIiJRKiEEEvRS0_PT_DpOT0_, .-_ZNSt16allocator_traitsISaIiEE9constructIiJRKiEEEvRS0_PT_DpOT0_
	.section	.text._ZNSt6vectorIiSaIiEE15_S_use_relocateEv,"axG",@progbits,_ZNSt6vectorIiSaIiEE15_S_use_relocateEv,comdat
	.weak	_ZNSt6vectorIiSaIiEE15_S_use_relocateEv
	.type	_ZNSt6vectorIiSaIiEE15_S_use_relocateEv, @function
_ZNSt6vectorIiSaIiEE15_S_use_relocateEv:
.LFB2286:
	.cfi_startproc
	endbr64
	pushq	%rbp
	.cfi_def_cfa_offset 16
	.cfi_offset 6, -16
	movq	%rsp, %rbp
	.cfi_def_cfa_register 6
	subq	$16, %rsp
	movq	%fs:40, %rax
	movq	%rax, -8(%rbp)
	xorl	%eax, %eax
	call	_ZNSt6vectorIiSaIiEE19_S_nothrow_relocateESt17integral_constantIbLb1EE
	movq	-8(%rbp), %rdx
	xorq	%fs:40, %rdx
	je	.L78
	call	__stack_chk_fail@PLT
.L78:
	leave
	.cfi_def_cfa 7, 8
	ret
	.cfi_endproc
.LFE2286:
	.size	_ZNSt6vectorIiSaIiEE15_S_use_relocateEv, .-_ZNSt6vectorIiSaIiEE15_S_use_relocateEv
	.section	.text._ZNSt6vectorIiSaIiEE19_S_nothrow_relocateESt17integral_constantIbLb1EE,"axG",@progbits,_ZNSt6vectorIiSaIiEE19_S_nothrow_relocateESt17integral_constantIbLb1EE,comdat
	.weak	_ZNSt6vectorIiSaIiEE19_S_nothrow_relocateESt17integral_constantIbLb1EE
	.type	_ZNSt6vectorIiSaIiEE19_S_nothrow_relocateESt17integral_constantIbLb1EE, @function
_ZNSt6vectorIiSaIiEE19_S_nothrow_relocateESt17integral_constantIbLb1EE:
.LFB2287:
	.cfi_startproc
	endbr64
	pushq	%rbp
	.cfi_def_cfa_offset 16
	.cfi_offset 6, -16
	movq	%rsp, %rbp
	.cfi_def_cfa_register 6
	movl	$1, %eax
	popq	%rbp
	.cfi_def_cfa 7, 8
	ret
	.cfi_endproc
.LFE2287:
	.size	_ZNSt6vectorIiSaIiEE19_S_nothrow_relocateESt17integral_constantIbLb1EE, .-_ZNSt6vectorIiSaIiEE19_S_nothrow_relocateESt17integral_constantIbLb1EE
	.section	.rodata
.LC2:
	.string	"vector::_M_realloc_insert"
	.section	.text._ZNSt6vectorIiSaIiEE17_M_realloc_insertIJRKiEEEvN9__gnu_cxx17__normal_iteratorIPiS1_EEDpOT_,"axG",@progbits,_ZNSt6vectorIiSaIiEE17_M_realloc_insertIJRKiEEEvN9__gnu_cxx17__normal_iteratorIPiS1_EEDpOT_,comdat
	.align 2
	.weak	_ZNSt6vectorIiSaIiEE17_M_realloc_insertIJRKiEEEvN9__gnu_cxx17__normal_iteratorIPiS1_EEDpOT_
	.type	_ZNSt6vectorIiSaIiEE17_M_realloc_insertIJRKiEEEvN9__gnu_cxx17__normal_iteratorIPiS1_EEDpOT_, @function
_ZNSt6vectorIiSaIiEE17_M_realloc_insertIJRKiEEEvN9__gnu_cxx17__normal_iteratorIPiS1_EEDpOT_:
.LFB2285:
	.cfi_startproc
	.cfi_personality 0x9b,DW.ref.__gxx_personality_v0
	.cfi_lsda 0x1b,.LLSDA2285
	endbr64
	pushq	%rbp
	.cfi_def_cfa_offset 16
	.cfi_offset 6, -16
	movq	%rsp, %rbp
	.cfi_def_cfa_register 6
	pushq	%rbx
	subq	$104, %rsp
	.cfi_offset 3, -24
	movq	%rdi, -88(%rbp)
	movq	%rsi, -96(%rbp)
	movq	%rdx, -104(%rbp)
	movq	%fs:40, %rax
	movq	%rax, -24(%rbp)
	xorl	%eax, %eax
	movq	-88(%rbp), %rax
	leaq	.LC2(%rip), %rdx
	movl	$1, %esi
	movq	%rax, %rdi
.LEHB10:
	call	_ZNKSt6vectorIiSaIiEE12_M_check_lenEmPKc
	movq	%rax, -64(%rbp)
	movq	-88(%rbp), %rax
	movq	(%rax), %rax
	movq	%rax, -56(%rbp)
	movq	-88(%rbp), %rax
	movq	8(%rax), %rax
	movq	%rax, -48(%rbp)
	movq	-88(%rbp), %rax
	movq	%rax, %rdi
	call	_ZNSt6vectorIiSaIiEE5beginEv
	movq	%rax, -80(%rbp)
	leaq	-80(%rbp), %rdx
	leaq	-96(%rbp), %rax
	movq	%rdx, %rsi
	movq	%rax, %rdi
	call	_ZN9__gnu_cxxmiIPiSt6vectorIiSaIiEEEENS_17__normal_iteratorIT_T0_E15difference_typeERKS8_SB_
	movq	%rax, -40(%rbp)
	movq	-88(%rbp), %rax
	movq	-64(%rbp), %rdx
	movq	%rdx, %rsi
	movq	%rax, %rdi
	call	_ZNSt12_Vector_baseIiSaIiEE11_M_allocateEm
.LEHE10:
	movq	%rax, -32(%rbp)
	movq	-32(%rbp), %rax
	movq	%rax, -72(%rbp)
	movq	-104(%rbp), %rax
	movq	%rax, %rdi
	call	_ZSt7forwardIRKiEOT_RNSt16remove_referenceIS2_E4typeE
	movq	%rax, %rdx
	movq	-40(%rbp), %rax
	leaq	0(,%rax,4), %rcx
	movq	-32(%rbp), %rax
	addq	%rax, %rcx
	movq	-88(%rbp), %rax
	movq	%rcx, %rsi
	movq	%rax, %rdi
	call	_ZNSt16allocator_traitsISaIiEE9constructIiJRKiEEEvRS0_PT_DpOT0_
	movq	$0, -72(%rbp)
	call	_ZNSt6vectorIiSaIiEE15_S_use_relocateEv
	testb	%al, %al
	je	.L82
	movq	-88(%rbp), %rax
	movq	%rax, %rdi
	call	_ZNSt12_Vector_baseIiSaIiEE19_M_get_Tp_allocatorEv
	movq	%rax, %rbx
	leaq	-96(%rbp), %rax
	movq	%rax, %rdi
	call	_ZNK9__gnu_cxx17__normal_iteratorIPiSt6vectorIiSaIiEEE4baseEv
	movq	(%rax), %rsi
	movq	-32(%rbp), %rdx
	movq	-56(%rbp), %rax
	movq	%rbx, %rcx
	movq	%rax, %rdi
	call	_ZNSt6vectorIiSaIiEE11_S_relocateEPiS2_S2_RS0_
	movq	%rax, -72(%rbp)
	addq	$4, -72(%rbp)
	movq	-88(%rbp), %rax
	movq	%rax, %rdi
	call	_ZNSt12_Vector_baseIiSaIiEE19_M_get_Tp_allocatorEv
	movq	%rax, %rbx
	leaq	-96(%rbp), %rax
	movq	%rax, %rdi
	call	_ZNK9__gnu_cxx17__normal_iteratorIPiSt6vectorIiSaIiEEE4baseEv
	movq	(%rax), %rax
	movq	-72(%rbp), %rdx
	movq	-48(%rbp), %rsi
	movq	%rbx, %rcx
	movq	%rax, %rdi
	call	_ZNSt6vectorIiSaIiEE11_S_relocateEPiS2_S2_RS0_
	movq	%rax, -72(%rbp)
	jmp	.L83
.L82:
	movq	-88(%rbp), %rax
	movq	%rax, %rdi
	call	_ZNSt12_Vector_baseIiSaIiEE19_M_get_Tp_allocatorEv
	movq	%rax, %rbx
	leaq	-96(%rbp), %rax
	movq	%rax, %rdi
	call	_ZNK9__gnu_cxx17__normal_iteratorIPiSt6vectorIiSaIiEEE4baseEv
	movq	(%rax), %rsi
	movq	-32(%rbp), %rdx
	movq	-56(%rbp), %rax
	movq	%rbx, %rcx
	movq	%rax, %rdi
.LEHB11:
	call	_ZSt34__uninitialized_move_if_noexcept_aIPiS0_SaIiEET0_T_S3_S2_RT1_
	movq	%rax, -72(%rbp)
	addq	$4, -72(%rbp)
	movq	-88(%rbp), %rax
	movq	%rax, %rdi
	call	_ZNSt12_Vector_baseIiSaIiEE19_M_get_Tp_allocatorEv
	movq	%rax, %rbx
	leaq	-96(%rbp), %rax
	movq	%rax, %rdi
	call	_ZNK9__gnu_cxx17__normal_iteratorIPiSt6vectorIiSaIiEEE4baseEv
	movq	(%rax), %rax
	movq	-72(%rbp), %rdx
	movq	-48(%rbp), %rsi
	movq	%rbx, %rcx
	movq	%rax, %rdi
	call	_ZSt34__uninitialized_move_if_noexcept_aIPiS0_SaIiEET0_T_S3_S2_RT1_
.LEHE11:
	movq	%rax, -72(%rbp)
.L83:
	call	_ZNSt6vectorIiSaIiEE15_S_use_relocateEv
	xorl	$1, %eax
	testb	%al, %al
	je	.L84
	movq	-88(%rbp), %rax
	movq	%rax, %rdi
	call	_ZNSt12_Vector_baseIiSaIiEE19_M_get_Tp_allocatorEv
	movq	%rax, %rdx
	movq	-48(%rbp), %rcx
	movq	-56(%rbp), %rax
	movq	%rcx, %rsi
	movq	%rax, %rdi
.LEHB12:
	call	_ZSt8_DestroyIPiiEvT_S1_RSaIT0_E
.L84:
	movq	-88(%rbp), %rax
	movq	-88(%rbp), %rdx
	movq	16(%rdx), %rdx
	subq	-56(%rbp), %rdx
	sarq	$2, %rdx
	movq	-56(%rbp), %rcx
	movq	%rcx, %rsi
	movq	%rax, %rdi
	call	_ZNSt12_Vector_baseIiSaIiEE13_M_deallocateEPim
.LEHE12:
	movq	-88(%rbp), %rax
	movq	-32(%rbp), %rdx
	movq	%rdx, (%rax)
	movq	-88(%rbp), %rax
	movq	-72(%rbp), %rdx
	movq	%rdx, 8(%rax)
	movq	-64(%rbp), %rax
	leaq	0(,%rax,4), %rdx
	movq	-32(%rbp), %rax
	addq	%rax, %rdx
	movq	-88(%rbp), %rax
	movq	%rdx, 16(%rax)
	nop
	movq	-24(%rbp), %rax
	xorq	%fs:40, %rax
	je	.L89
	jmp	.L92
.L90:
	endbr64
	movq	%rax, %rdi
	call	__cxa_begin_catch@PLT
	cmpq	$0, -72(%rbp)
	jne	.L86
	movq	-40(%rbp), %rax
	leaq	0(,%rax,4), %rdx
	movq	-32(%rbp), %rax
	addq	%rax, %rdx
	movq	-88(%rbp), %rax
	movq	%rdx, %rsi
	movq	%rax, %rdi
	call	_ZNSt16allocator_traitsISaIiEE7destroyIiEEvRS0_PT_
	jmp	.L87
.L86:
	movq	-88(%rbp), %rax
	movq	%rax, %rdi
	call	_ZNSt12_Vector_baseIiSaIiEE19_M_get_Tp_allocatorEv
	movq	%rax, %rdx
	movq	-72(%rbp), %rcx
	movq	-32(%rbp), %rax
	movq	%rcx, %rsi
	movq	%rax, %rdi
.LEHB13:
	call	_ZSt8_DestroyIPiiEvT_S1_RSaIT0_E
.L87:
	movq	-88(%rbp), %rax
	movq	-64(%rbp), %rdx
	movq	-32(%rbp), %rcx
	movq	%rcx, %rsi
	movq	%rax, %rdi
	call	_ZNSt12_Vector_baseIiSaIiEE13_M_deallocateEPim
	call	__cxa_rethrow@PLT
.LEHE13:
.L91:
	endbr64
	movq	%rax, %rbx
	call	__cxa_end_catch@PLT
	movq	%rbx, %rax
	movq	%rax, %rdi
.LEHB14:
	call	_Unwind_Resume@PLT
.LEHE14:
.L92:
	call	__stack_chk_fail@PLT
.L89:
	addq	$104, %rsp
	popq	%rbx
	popq	%rbp
	.cfi_def_cfa 7, 8
	ret
	.cfi_endproc
.LFE2285:
	.section	.gcc_except_table
	.align 4
.LLSDA2285:
	.byte	0xff
	.byte	0x9b
	.uleb128 .LLSDATT2285-.LLSDATTD2285
.LLSDATTD2285:
	.byte	0x1
	.uleb128 .LLSDACSE2285-.LLSDACSB2285
.LLSDACSB2285:
	.uleb128 .LEHB10-.LFB2285
	.uleb128 .LEHE10-.LEHB10
	.uleb128 0
	.uleb128 0
	.uleb128 .LEHB11-.LFB2285
	.uleb128 .LEHE11-.LEHB11
	.uleb128 .L90-.LFB2285
	.uleb128 0x1
	.uleb128 .LEHB12-.LFB2285
	.uleb128 .LEHE12-.LEHB12
	.uleb128 0
	.uleb128 0
	.uleb128 .LEHB13-.LFB2285
	.uleb128 .LEHE13-.LEHB13
	.uleb128 .L91-.LFB2285
	.uleb128 0
	.uleb128 .LEHB14-.LFB2285
	.uleb128 .LEHE14-.LEHB14
	.uleb128 0
	.uleb128 0
.LLSDACSE2285:
	.byte	0x1
	.byte	0
	.align 4
	.long	0

.LLSDATT2285:
	.section	.text._ZNSt6vectorIiSaIiEE17_M_realloc_insertIJRKiEEEvN9__gnu_cxx17__normal_iteratorIPiS1_EEDpOT_,"axG",@progbits,_ZNSt6vectorIiSaIiEE17_M_realloc_insertIJRKiEEEvN9__gnu_cxx17__normal_iteratorIPiS1_EEDpOT_,comdat
	.size	_ZNSt6vectorIiSaIiEE17_M_realloc_insertIJRKiEEEvN9__gnu_cxx17__normal_iteratorIPiS1_EEDpOT_, .-_ZNSt6vectorIiSaIiEE17_M_realloc_insertIJRKiEEEvN9__gnu_cxx17__normal_iteratorIPiS1_EEDpOT_
	.section	.text._ZNKSt6vectorIiSaIiEE5beginEv,"axG",@progbits,_ZNKSt6vectorIiSaIiEE5beginEv,comdat
	.align 2
	.weak	_ZNKSt6vectorIiSaIiEE5beginEv
	.type	_ZNKSt6vectorIiSaIiEE5beginEv, @function
_ZNKSt6vectorIiSaIiEE5beginEv:
.LFB2290:
	.cfi_startproc
	endbr64
	pushq	%rbp
	.cfi_def_cfa_offset 16
	.cfi_offset 6, -16
	movq	%rsp, %rbp
	.cfi_def_cfa_register 6
	subq	$48, %rsp
	movq	%rdi, -40(%rbp)
	movq	%fs:40, %rax
	movq	%rax, -8(%rbp)
	xorl	%eax, %eax
	movq	-40(%rbp), %rax
	movq	(%rax), %rax
	movq	%rax, -24(%rbp)
	leaq	-24(%rbp), %rdx
	leaq	-16(%rbp), %rax
	movq	%rdx, %rsi
	movq	%rax, %rdi
	call	_ZN9__gnu_cxx17__normal_iteratorIPKiSt6vectorIiSaIiEEEC1ERKS2_
	movq	-16(%rbp), %rax
	movq	-8(%rbp), %rcx
	xorq	%fs:40, %rcx
	je	.L95
	call	__stack_chk_fail@PLT
.L95:
	leave
	.cfi_def_cfa 7, 8
	ret
	.cfi_endproc
.LFE2290:
	.size	_ZNKSt6vectorIiSaIiEE5beginEv, .-_ZNKSt6vectorIiSaIiEE5beginEv
	.section	.text._ZNKSt6vectorIiSaIiEE3endEv,"axG",@progbits,_ZNKSt6vectorIiSaIiEE3endEv,comdat
	.align 2
	.weak	_ZNKSt6vectorIiSaIiEE3endEv
	.type	_ZNKSt6vectorIiSaIiEE3endEv, @function
_ZNKSt6vectorIiSaIiEE3endEv:
.LFB2291:
	.cfi_startproc
	endbr64
	pushq	%rbp
	.cfi_def_cfa_offset 16
	.cfi_offset 6, -16
	movq	%rsp, %rbp
	.cfi_def_cfa_register 6
	subq	$48, %rsp
	movq	%rdi, -40(%rbp)
	movq	%fs:40, %rax
	movq	%rax, -8(%rbp)
	xorl	%eax, %eax
	movq	-40(%rbp), %rax
	movq	8(%rax), %rax
	movq	%rax, -24(%rbp)
	leaq	-24(%rbp), %rdx
	leaq	-16(%rbp), %rax
	movq	%rdx, %rsi
	movq	%rax, %rdi
	call	_ZN9__gnu_cxx17__normal_iteratorIPKiSt6vectorIiSaIiEEEC1ERKS2_
	movq	-16(%rbp), %rax
	movq	-8(%rbp), %rcx
	xorq	%fs:40, %rcx
	je	.L98
	call	__stack_chk_fail@PLT
.L98:
	leave
	.cfi_def_cfa 7, 8
	ret
	.cfi_endproc
.LFE2291:
	.size	_ZNKSt6vectorIiSaIiEE3endEv, .-_ZNKSt6vectorIiSaIiEE3endEv
	.section	.text._ZN9__gnu_cxxneIPKiSt6vectorIiSaIiEEEEbRKNS_17__normal_iteratorIT_T0_EESB_,"axG",@progbits,_ZN9__gnu_cxxneIPKiSt6vectorIiSaIiEEEEbRKNS_17__normal_iteratorIT_T0_EESB_,comdat
	.weak	_ZN9__gnu_cxxneIPKiSt6vectorIiSaIiEEEEbRKNS_17__normal_iteratorIT_T0_EESB_
	.type	_ZN9__gnu_cxxneIPKiSt6vectorIiSaIiEEEEbRKNS_17__normal_iteratorIT_T0_EESB_, @function
_ZN9__gnu_cxxneIPKiSt6vectorIiSaIiEEEEbRKNS_17__normal_iteratorIT_T0_EESB_:
.LFB2292:
	.cfi_startproc
	endbr64
	pushq	%rbp
	.cfi_def_cfa_offset 16
	.cfi_offset 6, -16
	movq	%rsp, %rbp
	.cfi_def_cfa_register 6
	pushq	%rbx
	subq	$24, %rsp
	.cfi_offset 3, -24
	movq	%rdi, -24(%rbp)
	movq	%rsi, -32(%rbp)
	movq	-24(%rbp), %rax
	movq	%rax, %rdi
	call	_ZNK9__gnu_cxx17__normal_iteratorIPKiSt6vectorIiSaIiEEE4baseEv
	movq	(%rax), %rbx
	movq	-32(%rbp), %rax
	movq	%rax, %rdi
	call	_ZNK9__gnu_cxx17__normal_iteratorIPKiSt6vectorIiSaIiEEE4baseEv
	movq	(%rax), %rax
	cmpq	%rax, %rbx
	setne	%al
	addq	$24, %rsp
	popq	%rbx
	popq	%rbp
	.cfi_def_cfa 7, 8
	ret
	.cfi_endproc
.LFE2292:
	.size	_ZN9__gnu_cxxneIPKiSt6vectorIiSaIiEEEEbRKNS_17__normal_iteratorIT_T0_EESB_, .-_ZN9__gnu_cxxneIPKiSt6vectorIiSaIiEEEEbRKNS_17__normal_iteratorIT_T0_EESB_
	.section	.text._ZN9__gnu_cxx17__normal_iteratorIPKiSt6vectorIiSaIiEEEppEv,"axG",@progbits,_ZN9__gnu_cxx17__normal_iteratorIPKiSt6vectorIiSaIiEEEppEv,comdat
	.align 2
	.weak	_ZN9__gnu_cxx17__normal_iteratorIPKiSt6vectorIiSaIiEEEppEv
	.type	_ZN9__gnu_cxx17__normal_iteratorIPKiSt6vectorIiSaIiEEEppEv, @function
_ZN9__gnu_cxx17__normal_iteratorIPKiSt6vectorIiSaIiEEEppEv:
.LFB2293:
	.cfi_startproc
	endbr64
	pushq	%rbp
	.cfi_def_cfa_offset 16
	.cfi_offset 6, -16
	movq	%rsp, %rbp
	.cfi_def_cfa_register 6
	movq	%rdi, -8(%rbp)
	movq	-8(%rbp), %rax
	movq	(%rax), %rax
	leaq	4(%rax), %rdx
	movq	-8(%rbp), %rax
	movq	%rdx, (%rax)
	movq	-8(%rbp), %rax
	popq	%rbp
	.cfi_def_cfa 7, 8
	ret
	.cfi_endproc
.LFE2293:
	.size	_ZN9__gnu_cxx17__normal_iteratorIPKiSt6vectorIiSaIiEEEppEv, .-_ZN9__gnu_cxx17__normal_iteratorIPKiSt6vectorIiSaIiEEEppEv
	.section	.text._ZNK9__gnu_cxx17__normal_iteratorIPKiSt6vectorIiSaIiEEEdeEv,"axG",@progbits,_ZNK9__gnu_cxx17__normal_iteratorIPKiSt6vectorIiSaIiEEEdeEv,comdat
	.align 2
	.weak	_ZNK9__gnu_cxx17__normal_iteratorIPKiSt6vectorIiSaIiEEEdeEv
	.type	_ZNK9__gnu_cxx17__normal_iteratorIPKiSt6vectorIiSaIiEEEdeEv, @function
_ZNK9__gnu_cxx17__normal_iteratorIPKiSt6vectorIiSaIiEEEdeEv:
.LFB2294:
	.cfi_startproc
	endbr64
	pushq	%rbp
	.cfi_def_cfa_offset 16
	.cfi_offset 6, -16
	movq	%rsp, %rbp
	.cfi_def_cfa_register 6
	movq	%rdi, -8(%rbp)
	movq	-8(%rbp), %rax
	movq	(%rax), %rax
	popq	%rbp
	.cfi_def_cfa 7, 8
	ret
	.cfi_endproc
.LFE2294:
	.size	_ZNK9__gnu_cxx17__normal_iteratorIPKiSt6vectorIiSaIiEEEdeEv, .-_ZNK9__gnu_cxx17__normal_iteratorIPKiSt6vectorIiSaIiEEEdeEv
	.section	.text._ZNSt6vectorIiSaIiEE11_S_max_sizeERKS0_,"axG",@progbits,_ZNSt6vectorIiSaIiEE11_S_max_sizeERKS0_,comdat
	.weak	_ZNSt6vectorIiSaIiEE11_S_max_sizeERKS0_
	.type	_ZNSt6vectorIiSaIiEE11_S_max_sizeERKS0_, @function
_ZNSt6vectorIiSaIiEE11_S_max_sizeERKS0_:
.LFB2330:
	.cfi_startproc
	endbr64
	pushq	%rbp
	.cfi_def_cfa_offset 16
	.cfi_offset 6, -16
	movq	%rsp, %rbp
	.cfi_def_cfa_register 6
	subq	$48, %rsp
	movq	%rdi, -40(%rbp)
	movq	%fs:40, %rax
	movq	%rax, -8(%rbp)
	xorl	%eax, %eax
	movabsq	$2305843009213693951, %rax
	movq	%rax, -24(%rbp)
	movq	-40(%rbp), %rax
	movq	%rax, %rdi
	call	_ZNSt16allocator_traitsISaIiEE8max_sizeERKS0_
	movq	%rax, -16(%rbp)
	leaq	-16(%rbp), %rdx
	leaq	-24(%rbp), %rax
	movq	%rdx, %rsi
	movq	%rax, %rdi
	call	_ZSt3minImERKT_S2_S2_
	movq	(%rax), %rax
	movq	-8(%rbp), %rcx
	xorq	%fs:40, %rcx
	je	.L107
	call	__stack_chk_fail@PLT
.L107:
	leave
	.cfi_def_cfa 7, 8
	ret
	.cfi_endproc
.LFE2330:
	.size	_ZNSt6vectorIiSaIiEE11_S_max_sizeERKS0_, .-_ZNSt6vectorIiSaIiEE11_S_max_sizeERKS0_
	.section	.text._ZNSaIiEC2ERKS_,"axG",@progbits,_ZNSaIiEC5ERKS_,comdat
	.align 2
	.weak	_ZNSaIiEC2ERKS_
	.type	_ZNSaIiEC2ERKS_, @function
_ZNSaIiEC2ERKS_:
.LFB2332:
	.cfi_startproc
	endbr64
	pushq	%rbp
	.cfi_def_cfa_offset 16
	.cfi_offset 6, -16
	movq	%rsp, %rbp
	.cfi_def_cfa_register 6
	subq	$16, %rsp
	movq	%rdi, -8(%rbp)
	movq	%rsi, -16(%rbp)
	movq	-16(%rbp), %rdx
	movq	-8(%rbp), %rax
	movq	%rdx, %rsi
	movq	%rax, %rdi
	call	_ZN9__gnu_cxx13new_allocatorIiEC2ERKS1_
	nop
	leave
	.cfi_def_cfa 7, 8
	ret
	.cfi_endproc
.LFE2332:
	.size	_ZNSaIiEC2ERKS_, .-_ZNSaIiEC2ERKS_
	.weak	_ZNSaIiEC1ERKS_
	.set	_ZNSaIiEC1ERKS_,_ZNSaIiEC2ERKS_
	.section	.text._ZNSt12_Vector_baseIiSaIiEE12_Vector_implC2ERKS0_,"axG",@progbits,_ZNSt12_Vector_baseIiSaIiEE12_Vector_implC5ERKS0_,comdat
	.align 2
	.weak	_ZNSt12_Vector_baseIiSaIiEE12_Vector_implC2ERKS0_
	.type	_ZNSt12_Vector_baseIiSaIiEE12_Vector_implC2ERKS0_, @function
_ZNSt12_Vector_baseIiSaIiEE12_Vector_implC2ERKS0_:
.LFB2335:
	.cfi_startproc
	endbr64
	pushq	%rbp
	.cfi_def_cfa_offset 16
	.cfi_offset 6, -16
	movq	%rsp, %rbp
	.cfi_def_cfa_register 6
	subq	$16, %rsp
	movq	%rdi, -8(%rbp)
	movq	%rsi, -16(%rbp)
	movq	-16(%rbp), %rdx
	movq	-8(%rbp), %rax
	movq	%rdx, %rsi
	movq	%rax, %rdi
	call	_ZNSaIiEC2ERKS_
	movq	-8(%rbp), %rax
	movq	%rax, %rdi
	call	_ZNSt12_Vector_baseIiSaIiEE17_Vector_impl_dataC2Ev
	nop
	leave
	.cfi_def_cfa 7, 8
	ret
	.cfi_endproc
.LFE2335:
	.size	_ZNSt12_Vector_baseIiSaIiEE12_Vector_implC2ERKS0_, .-_ZNSt12_Vector_baseIiSaIiEE12_Vector_implC2ERKS0_
	.weak	_ZNSt12_Vector_baseIiSaIiEE12_Vector_implC1ERKS0_
	.set	_ZNSt12_Vector_baseIiSaIiEE12_Vector_implC1ERKS0_,_ZNSt12_Vector_baseIiSaIiEE12_Vector_implC2ERKS0_
	.section	.text._ZNSt12_Vector_baseIiSaIiEE17_M_create_storageEm,"axG",@progbits,_ZNSt12_Vector_baseIiSaIiEE17_M_create_storageEm,comdat
	.align 2
	.weak	_ZNSt12_Vector_baseIiSaIiEE17_M_create_storageEm
	.type	_ZNSt12_Vector_baseIiSaIiEE17_M_create_storageEm, @function
_ZNSt12_Vector_baseIiSaIiEE17_M_create_storageEm:
.LFB2337:
	.cfi_startproc
	endbr64
	pushq	%rbp
	.cfi_def_cfa_offset 16
	.cfi_offset 6, -16
	movq	%rsp, %rbp
	.cfi_def_cfa_register 6
	subq	$16, %rsp
	movq	%rdi, -8(%rbp)
	movq	%rsi, -16(%rbp)
	movq	-16(%rbp), %rdx
	movq	-8(%rbp), %rax
	movq	%rdx, %rsi
	movq	%rax, %rdi
	call	_ZNSt12_Vector_baseIiSaIiEE11_M_allocateEm
	movq	-8(%rbp), %rdx
	movq	%rax, (%rdx)
	movq	-8(%rbp), %rax
	movq	(%rax), %rdx
	movq	-8(%rbp), %rax
	movq	%rdx, 8(%rax)
	movq	-8(%rbp), %rax
	movq	(%rax), %rax
	movq	-16(%rbp), %rdx
	salq	$2, %rdx
	addq	%rax, %rdx
	movq	-8(%rbp), %rax
	movq	%rdx, 16(%rax)
	nop
	leave
	.cfi_def_cfa 7, 8
	ret
	.cfi_endproc
.LFE2337:
	.size	_ZNSt12_Vector_baseIiSaIiEE17_M_create_storageEm, .-_ZNSt12_Vector_baseIiSaIiEE17_M_create_storageEm
	.section	.text._ZSt27__uninitialized_default_n_aIPimiET_S1_T0_RSaIT1_E,"axG",@progbits,_ZSt27__uninitialized_default_n_aIPimiET_S1_T0_RSaIT1_E,comdat
	.weak	_ZSt27__uninitialized_default_n_aIPimiET_S1_T0_RSaIT1_E
	.type	_ZSt27__uninitialized_default_n_aIPimiET_S1_T0_RSaIT1_E, @function
_ZSt27__uninitialized_default_n_aIPimiET_S1_T0_RSaIT1_E:
.LFB2338:
	.cfi_startproc
	endbr64
	pushq	%rbp
	.cfi_def_cfa_offset 16
	.cfi_offset 6, -16
	movq	%rsp, %rbp
	.cfi_def_cfa_register 6
	subq	$32, %rsp
	movq	%rdi, -8(%rbp)
	movq	%rsi, -16(%rbp)
	movq	%rdx, -24(%rbp)
	movq	-16(%rbp), %rdx
	movq	-8(%rbp), %rax
	movq	%rdx, %rsi
	movq	%rax, %rdi
	call	_ZSt25__uninitialized_default_nIPimET_S1_T0_
	leave
	.cfi_def_cfa 7, 8
	ret
	.cfi_endproc
.LFE2338:
	.size	_ZSt27__uninitialized_default_n_aIPimiET_S1_T0_RSaIT1_E, .-_ZSt27__uninitialized_default_n_aIPimiET_S1_T0_RSaIT1_E
	.section	.text._ZSt8_DestroyIPiEvT_S1_,"axG",@progbits,_ZSt8_DestroyIPiEvT_S1_,comdat
	.weak	_ZSt8_DestroyIPiEvT_S1_
	.type	_ZSt8_DestroyIPiEvT_S1_, @function
_ZSt8_DestroyIPiEvT_S1_:
.LFB2339:
	.cfi_startproc
	endbr64
	pushq	%rbp
	.cfi_def_cfa_offset 16
	.cfi_offset 6, -16
	movq	%rsp, %rbp
	.cfi_def_cfa_register 6
	subq	$16, %rsp
	movq	%rdi, -8(%rbp)
	movq	%rsi, -16(%rbp)
	movq	-16(%rbp), %rdx
	movq	-8(%rbp), %rax
	movq	%rdx, %rsi
	movq	%rax, %rdi
	call	_ZNSt12_Destroy_auxILb1EE9__destroyIPiEEvT_S3_
	nop
	leave
	.cfi_def_cfa 7, 8
	ret
	.cfi_endproc
.LFE2339:
	.size	_ZSt8_DestroyIPiEvT_S1_, .-_ZSt8_DestroyIPiEvT_S1_
	.section	.text._ZNSt16allocator_traitsISaIiEE10deallocateERS0_Pim,"axG",@progbits,_ZNSt16allocator_traitsISaIiEE10deallocateERS0_Pim,comdat
	.weak	_ZNSt16allocator_traitsISaIiEE10deallocateERS0_Pim
	.type	_ZNSt16allocator_traitsISaIiEE10deallocateERS0_Pim, @function
_ZNSt16allocator_traitsISaIiEE10deallocateERS0_Pim:
.LFB2340:
	.cfi_startproc
	endbr64
	pushq	%rbp
	.cfi_def_cfa_offset 16
	.cfi_offset 6, -16
	movq	%rsp, %rbp
	.cfi_def_cfa_register 6
	subq	$32, %rsp
	movq	%rdi, -8(%rbp)
	movq	%rsi, -16(%rbp)
	movq	%rdx, -24(%rbp)
	movq	-24(%rbp), %rdx
	movq	-16(%rbp), %rcx
	movq	-8(%rbp), %rax
	movq	%rcx, %rsi
	movq	%rax, %rdi
	call	_ZN9__gnu_cxx13new_allocatorIiE10deallocateEPim
	nop
	leave
	.cfi_def_cfa 7, 8
	ret
	.cfi_endproc
.LFE2340:
	.size	_ZNSt16allocator_traitsISaIiEE10deallocateERS0_Pim, .-_ZNSt16allocator_traitsISaIiEE10deallocateERS0_Pim
	.section	.text._ZSt7forwardIRKiEOT_RNSt16remove_referenceIS2_E4typeE,"axG",@progbits,_ZSt7forwardIRKiEOT_RNSt16remove_referenceIS2_E4typeE,comdat
	.weak	_ZSt7forwardIRKiEOT_RNSt16remove_referenceIS2_E4typeE
	.type	_ZSt7forwardIRKiEOT_RNSt16remove_referenceIS2_E4typeE, @function
_ZSt7forwardIRKiEOT_RNSt16remove_referenceIS2_E4typeE:
.LFB2341:
	.cfi_startproc
	endbr64
	pushq	%rbp
	.cfi_def_cfa_offset 16
	.cfi_offset 6, -16
	movq	%rsp, %rbp
	.cfi_def_cfa_register 6
	movq	%rdi, -8(%rbp)
	movq	-8(%rbp), %rax
	popq	%rbp
	.cfi_def_cfa 7, 8
	ret
	.cfi_endproc
.LFE2341:
	.size	_ZSt7forwardIRKiEOT_RNSt16remove_referenceIS2_E4typeE, .-_ZSt7forwardIRKiEOT_RNSt16remove_referenceIS2_E4typeE
	.section	.text._ZN9__gnu_cxx13new_allocatorIiE9constructIiJRKiEEEvPT_DpOT0_,"axG",@progbits,_ZN9__gnu_cxx13new_allocatorIiE9constructIiJRKiEEEvPT_DpOT0_,comdat
	.align 2
	.weak	_ZN9__gnu_cxx13new_allocatorIiE9constructIiJRKiEEEvPT_DpOT0_
	.type	_ZN9__gnu_cxx13new_allocatorIiE9constructIiJRKiEEEvPT_DpOT0_, @function
_ZN9__gnu_cxx13new_allocatorIiE9constructIiJRKiEEEvPT_DpOT0_:
.LFB2342:
	.cfi_startproc
	endbr64
	pushq	%rbp
	.cfi_def_cfa_offset 16
	.cfi_offset 6, -16
	movq	%rsp, %rbp
	.cfi_def_cfa_register 6
	pushq	%rbx
	subq	$40, %rsp
	.cfi_offset 3, -24
	movq	%rdi, -24(%rbp)
	movq	%rsi, -32(%rbp)
	movq	%rdx, -40(%rbp)
	movq	-40(%rbp), %rax
	movq	%rax, %rdi
	call	_ZSt7forwardIRKiEOT_RNSt16remove_referenceIS2_E4typeE
	movl	(%rax), %ebx
	movq	-32(%rbp), %rax
	movq	%rax, %rsi
	movl	$4, %edi
	call	_ZnwmPv
	movl	%ebx, (%rax)
	nop
	addq	$40, %rsp
	popq	%rbx
	popq	%rbp
	.cfi_def_cfa 7, 8
	ret
	.cfi_endproc
.LFE2342:
	.size	_ZN9__gnu_cxx13new_allocatorIiE9constructIiJRKiEEEvPT_DpOT0_, .-_ZN9__gnu_cxx13new_allocatorIiE9constructIiJRKiEEEvPT_DpOT0_
	.section	.text._ZNKSt6vectorIiSaIiEE12_M_check_lenEmPKc,"axG",@progbits,_ZNKSt6vectorIiSaIiEE12_M_check_lenEmPKc,comdat
	.align 2
	.weak	_ZNKSt6vectorIiSaIiEE12_M_check_lenEmPKc
	.type	_ZNKSt6vectorIiSaIiEE12_M_check_lenEmPKc, @function
_ZNKSt6vectorIiSaIiEE12_M_check_lenEmPKc:
.LFB2343:
	.cfi_startproc
	endbr64
	pushq	%rbp
	.cfi_def_cfa_offset 16
	.cfi_offset 6, -16
	movq	%rsp, %rbp
	.cfi_def_cfa_register 6
	pushq	%rbx
	subq	$72, %rsp
	.cfi_offset 3, -24
	movq	%rdi, -56(%rbp)
	movq	%rsi, -64(%rbp)
	movq	%rdx, -72(%rbp)
	movq	%fs:40, %rax
	movq	%rax, -24(%rbp)
	xorl	%eax, %eax
	movq	-56(%rbp), %rax
	movq	%rax, %rdi
	call	_ZNKSt6vectorIiSaIiEE8max_sizeEv
	movq	%rax, %rbx
	movq	-56(%rbp), %rax
	movq	%rax, %rdi
	call	_ZNKSt6vectorIiSaIiEE4sizeEv
	subq	%rax, %rbx
	movq	%rbx, %rdx
	movq	-64(%rbp), %rax
	cmpq	%rax, %rdx
	setb	%al
	testb	%al, %al
	je	.L119
	movq	-72(%rbp), %rax
	movq	%rax, %rdi
	call	_ZSt20__throw_length_errorPKc@PLT
.L119:
	movq	-56(%rbp), %rax
	movq	%rax, %rdi
	call	_ZNKSt6vectorIiSaIiEE4sizeEv
	movq	%rax, %rbx
	movq	-56(%rbp), %rax
	movq	%rax, %rdi
	call	_ZNKSt6vectorIiSaIiEE4sizeEv
	movq	%rax, -40(%rbp)
	leaq	-64(%rbp), %rdx
	leaq	-40(%rbp), %rax
	movq	%rdx, %rsi
	movq	%rax, %rdi
	call	_ZSt3maxImERKT_S2_S2_
	movq	(%rax), %rax
	addq	%rbx, %rax
	movq	%rax, -32(%rbp)
	movq	-56(%rbp), %rax
	movq	%rax, %rdi
	call	_ZNKSt6vectorIiSaIiEE4sizeEv
	cmpq	%rax, -32(%rbp)
	jb	.L120
	movq	-56(%rbp), %rax
	movq	%rax, %rdi
	call	_ZNKSt6vectorIiSaIiEE8max_sizeEv
	cmpq	%rax, -32(%rbp)
	jbe	.L121
.L120:
	movq	-56(%rbp), %rax
	movq	%rax, %rdi
	call	_ZNKSt6vectorIiSaIiEE8max_sizeEv
	jmp	.L122
.L121:
	movq	-32(%rbp), %rax
.L122:
	movq	-24(%rbp), %rcx
	xorq	%fs:40, %rcx
	je	.L124
	call	__stack_chk_fail@PLT
.L124:
	addq	$72, %rsp
	popq	%rbx
	popq	%rbp
	.cfi_def_cfa 7, 8
	ret
	.cfi_endproc
.LFE2343:
	.size	_ZNKSt6vectorIiSaIiEE12_M_check_lenEmPKc, .-_ZNKSt6vectorIiSaIiEE12_M_check_lenEmPKc
	.section	.text._ZN9__gnu_cxxmiIPiSt6vectorIiSaIiEEEENS_17__normal_iteratorIT_T0_E15difference_typeERKS8_SB_,"axG",@progbits,_ZN9__gnu_cxxmiIPiSt6vectorIiSaIiEEEENS_17__normal_iteratorIT_T0_E15difference_typeERKS8_SB_,comdat
	.weak	_ZN9__gnu_cxxmiIPiSt6vectorIiSaIiEEEENS_17__normal_iteratorIT_T0_E15difference_typeERKS8_SB_
	.type	_ZN9__gnu_cxxmiIPiSt6vectorIiSaIiEEEENS_17__normal_iteratorIT_T0_E15difference_typeERKS8_SB_, @function
_ZN9__gnu_cxxmiIPiSt6vectorIiSaIiEEEENS_17__normal_iteratorIT_T0_E15difference_typeERKS8_SB_:
.LFB2344:
	.cfi_startproc
	endbr64
	pushq	%rbp
	.cfi_def_cfa_offset 16
	.cfi_offset 6, -16
	movq	%rsp, %rbp
	.cfi_def_cfa_register 6
	pushq	%rbx
	subq	$24, %rsp
	.cfi_offset 3, -24
	movq	%rdi, -24(%rbp)
	movq	%rsi, -32(%rbp)
	movq	-24(%rbp), %rax
	movq	%rax, %rdi
	call	_ZNK9__gnu_cxx17__normal_iteratorIPiSt6vectorIiSaIiEEE4baseEv
	movq	(%rax), %rbx
	movq	-32(%rbp), %rax
	movq	%rax, %rdi
	call	_ZNK9__gnu_cxx17__normal_iteratorIPiSt6vectorIiSaIiEEE4baseEv
	movq	(%rax), %rax
	subq	%rax, %rbx
	movq	%rbx, %rax
	sarq	$2, %rax
	addq	$24, %rsp
	popq	%rbx
	popq	%rbp
	.cfi_def_cfa 7, 8
	ret
	.cfi_endproc
.LFE2344:
	.size	_ZN9__gnu_cxxmiIPiSt6vectorIiSaIiEEEENS_17__normal_iteratorIT_T0_E15difference_typeERKS8_SB_, .-_ZN9__gnu_cxxmiIPiSt6vectorIiSaIiEEEENS_17__normal_iteratorIT_T0_E15difference_typeERKS8_SB_
	.section	.text._ZNSt12_Vector_baseIiSaIiEE11_M_allocateEm,"axG",@progbits,_ZNSt12_Vector_baseIiSaIiEE11_M_allocateEm,comdat
	.align 2
	.weak	_ZNSt12_Vector_baseIiSaIiEE11_M_allocateEm
	.type	_ZNSt12_Vector_baseIiSaIiEE11_M_allocateEm, @function
_ZNSt12_Vector_baseIiSaIiEE11_M_allocateEm:
.LFB2345:
	.cfi_startproc
	endbr64
	pushq	%rbp
	.cfi_def_cfa_offset 16
	.cfi_offset 6, -16
	movq	%rsp, %rbp
	.cfi_def_cfa_register 6
	subq	$16, %rsp
	movq	%rdi, -8(%rbp)
	movq	%rsi, -16(%rbp)
	cmpq	$0, -16(%rbp)
	je	.L128
	movq	-8(%rbp), %rax
	movq	-16(%rbp), %rdx
	movq	%rdx, %rsi
	movq	%rax, %rdi
	call	_ZNSt16allocator_traitsISaIiEE8allocateERS0_m
	jmp	.L130
.L128:
	movl	$0, %eax
.L130:
	leave
	.cfi_def_cfa 7, 8
	ret
	.cfi_endproc
.LFE2345:
	.size	_ZNSt12_Vector_baseIiSaIiEE11_M_allocateEm, .-_ZNSt12_Vector_baseIiSaIiEE11_M_allocateEm
	.section	.text._ZNSt6vectorIiSaIiEE11_S_relocateEPiS2_S2_RS0_,"axG",@progbits,_ZNSt6vectorIiSaIiEE11_S_relocateEPiS2_S2_RS0_,comdat
	.weak	_ZNSt6vectorIiSaIiEE11_S_relocateEPiS2_S2_RS0_
	.type	_ZNSt6vectorIiSaIiEE11_S_relocateEPiS2_S2_RS0_, @function
_ZNSt6vectorIiSaIiEE11_S_relocateEPiS2_S2_RS0_:
.LFB2346:
	.cfi_startproc
	endbr64
	pushq	%rbp
	.cfi_def_cfa_offset 16
	.cfi_offset 6, -16
	movq	%rsp, %rbp
	.cfi_def_cfa_register 6
	subq	$48, %rsp
	movq	%rdi, -24(%rbp)
	movq	%rsi, -32(%rbp)
	movq	%rdx, -40(%rbp)
	movq	%rcx, -48(%rbp)
	movq	%fs:40, %rax
	movq	%rax, -8(%rbp)
	xorl	%eax, %eax
	movq	-48(%rbp), %rcx
	movq	-40(%rbp), %rdx
	movq	-32(%rbp), %rsi
	movq	-24(%rbp), %rax
	movq	%rax, %rdi
	call	_ZNSt6vectorIiSaIiEE14_S_do_relocateEPiS2_S2_RS0_St17integral_constantIbLb1EE
	movq	-8(%rbp), %rdi
	xorq	%fs:40, %rdi
	je	.L133
	call	__stack_chk_fail@PLT
.L133:
	leave
	.cfi_def_cfa 7, 8
	ret
	.cfi_endproc
.LFE2346:
	.size	_ZNSt6vectorIiSaIiEE11_S_relocateEPiS2_S2_RS0_, .-_ZNSt6vectorIiSaIiEE11_S_relocateEPiS2_S2_RS0_
	.section	.text._ZSt34__uninitialized_move_if_noexcept_aIPiS0_SaIiEET0_T_S3_S2_RT1_,"axG",@progbits,_ZSt34__uninitialized_move_if_noexcept_aIPiS0_SaIiEET0_T_S3_S2_RT1_,comdat
	.weak	_ZSt34__uninitialized_move_if_noexcept_aIPiS0_SaIiEET0_T_S3_S2_RT1_
	.type	_ZSt34__uninitialized_move_if_noexcept_aIPiS0_SaIiEET0_T_S3_S2_RT1_, @function
_ZSt34__uninitialized_move_if_noexcept_aIPiS0_SaIiEET0_T_S3_S2_RT1_:
.LFB2347:
	.cfi_startproc
	endbr64
	pushq	%rbp
	.cfi_def_cfa_offset 16
	.cfi_offset 6, -16
	movq	%rsp, %rbp
	.cfi_def_cfa_register 6
	pushq	%rbx
	subq	$40, %rsp
	.cfi_offset 3, -24
	movq	%rdi, -24(%rbp)
	movq	%rsi, -32(%rbp)
	movq	%rdx, -40(%rbp)
	movq	%rcx, -48(%rbp)
	movq	-32(%rbp), %rax
	movq	%rax, %rdi
	call	_ZSt32__make_move_if_noexcept_iteratorIiSt13move_iteratorIPiEET0_PT_
	movq	%rax, %rbx
	movq	-24(%rbp), %rax
	movq	%rax, %rdi
	call	_ZSt32__make_move_if_noexcept_iteratorIiSt13move_iteratorIPiEET0_PT_
	movq	%rax, %rdi
	movq	-48(%rbp), %rdx
	movq	-40(%rbp), %rax
	movq	%rdx, %rcx
	movq	%rax, %rdx
	movq	%rbx, %rsi
	call	_ZSt22__uninitialized_copy_aISt13move_iteratorIPiES1_iET0_T_S4_S3_RSaIT1_E
	addq	$40, %rsp
	popq	%rbx
	popq	%rbp
	.cfi_def_cfa 7, 8
	ret
	.cfi_endproc
.LFE2347:
	.size	_ZSt34__uninitialized_move_if_noexcept_aIPiS0_SaIiEET0_T_S3_S2_RT1_, .-_ZSt34__uninitialized_move_if_noexcept_aIPiS0_SaIiEET0_T_S3_S2_RT1_
	.section	.text._ZNSt16allocator_traitsISaIiEE7destroyIiEEvRS0_PT_,"axG",@progbits,_ZNSt16allocator_traitsISaIiEE7destroyIiEEvRS0_PT_,comdat
	.weak	_ZNSt16allocator_traitsISaIiEE7destroyIiEEvRS0_PT_
	.type	_ZNSt16allocator_traitsISaIiEE7destroyIiEEvRS0_PT_, @function
_ZNSt16allocator_traitsISaIiEE7destroyIiEEvRS0_PT_:
.LFB2348:
	.cfi_startproc
	endbr64
	pushq	%rbp
	.cfi_def_cfa_offset 16
	.cfi_offset 6, -16
	movq	%rsp, %rbp
	.cfi_def_cfa_register 6
	subq	$16, %rsp
	movq	%rdi, -8(%rbp)
	movq	%rsi, -16(%rbp)
	movq	-16(%rbp), %rdx
	movq	-8(%rbp), %rax
	movq	%rdx, %rsi
	movq	%rax, %rdi
	call	_ZN9__gnu_cxx13new_allocatorIiE7destroyIiEEvPT_
	nop
	leave
	.cfi_def_cfa 7, 8
	ret
	.cfi_endproc
.LFE2348:
	.size	_ZNSt16allocator_traitsISaIiEE7destroyIiEEvRS0_PT_, .-_ZNSt16allocator_traitsISaIiEE7destroyIiEEvRS0_PT_
	.section	.text._ZN9__gnu_cxx17__normal_iteratorIPKiSt6vectorIiSaIiEEEC2ERKS2_,"axG",@progbits,_ZN9__gnu_cxx17__normal_iteratorIPKiSt6vectorIiSaIiEEEC5ERKS2_,comdat
	.align 2
	.weak	_ZN9__gnu_cxx17__normal_iteratorIPKiSt6vectorIiSaIiEEEC2ERKS2_
	.type	_ZN9__gnu_cxx17__normal_iteratorIPKiSt6vectorIiSaIiEEEC2ERKS2_, @function
_ZN9__gnu_cxx17__normal_iteratorIPKiSt6vectorIiSaIiEEEC2ERKS2_:
.LFB2351:
	.cfi_startproc
	endbr64
	pushq	%rbp
	.cfi_def_cfa_offset 16
	.cfi_offset 6, -16
	movq	%rsp, %rbp
	.cfi_def_cfa_register 6
	movq	%rdi, -8(%rbp)
	movq	%rsi, -16(%rbp)
	movq	-16(%rbp), %rax
	movq	(%rax), %rdx
	movq	-8(%rbp), %rax
	movq	%rdx, (%rax)
	nop
	popq	%rbp
	.cfi_def_cfa 7, 8
	ret
	.cfi_endproc
.LFE2351:
	.size	_ZN9__gnu_cxx17__normal_iteratorIPKiSt6vectorIiSaIiEEEC2ERKS2_, .-_ZN9__gnu_cxx17__normal_iteratorIPKiSt6vectorIiSaIiEEEC2ERKS2_
	.weak	_ZN9__gnu_cxx17__normal_iteratorIPKiSt6vectorIiSaIiEEEC1ERKS2_
	.set	_ZN9__gnu_cxx17__normal_iteratorIPKiSt6vectorIiSaIiEEEC1ERKS2_,_ZN9__gnu_cxx17__normal_iteratorIPKiSt6vectorIiSaIiEEEC2ERKS2_
	.section	.text._ZNK9__gnu_cxx17__normal_iteratorIPKiSt6vectorIiSaIiEEE4baseEv,"axG",@progbits,_ZNK9__gnu_cxx17__normal_iteratorIPKiSt6vectorIiSaIiEEE4baseEv,comdat
	.align 2
	.weak	_ZNK9__gnu_cxx17__normal_iteratorIPKiSt6vectorIiSaIiEEE4baseEv
	.type	_ZNK9__gnu_cxx17__normal_iteratorIPKiSt6vectorIiSaIiEEE4baseEv, @function
_ZNK9__gnu_cxx17__normal_iteratorIPKiSt6vectorIiSaIiEEE4baseEv:
.LFB2353:
	.cfi_startproc
	endbr64
	pushq	%rbp
	.cfi_def_cfa_offset 16
	.cfi_offset 6, -16
	movq	%rsp, %rbp
	.cfi_def_cfa_register 6
	movq	%rdi, -8(%rbp)
	movq	-8(%rbp), %rax
	popq	%rbp
	.cfi_def_cfa 7, 8
	ret
	.cfi_endproc
.LFE2353:
	.size	_ZNK9__gnu_cxx17__normal_iteratorIPKiSt6vectorIiSaIiEEE4baseEv, .-_ZNK9__gnu_cxx17__normal_iteratorIPKiSt6vectorIiSaIiEEE4baseEv
	.section	.text._ZNSt16allocator_traitsISaIiEE8max_sizeERKS0_,"axG",@progbits,_ZNSt16allocator_traitsISaIiEE8max_sizeERKS0_,comdat
	.weak	_ZNSt16allocator_traitsISaIiEE8max_sizeERKS0_
	.type	_ZNSt16allocator_traitsISaIiEE8max_sizeERKS0_, @function
_ZNSt16allocator_traitsISaIiEE8max_sizeERKS0_:
.LFB2389:
	.cfi_startproc
	endbr64
	pushq	%rbp
	.cfi_def_cfa_offset 16
	.cfi_offset 6, -16
	movq	%rsp, %rbp
	.cfi_def_cfa_register 6
	subq	$16, %rsp
	movq	%rdi, -8(%rbp)
	movq	-8(%rbp), %rax
	movq	%rax, %rdi
	call	_ZNK9__gnu_cxx13new_allocatorIiE8max_sizeEv
	leave
	.cfi_def_cfa 7, 8
	ret
	.cfi_endproc
.LFE2389:
	.size	_ZNSt16allocator_traitsISaIiEE8max_sizeERKS0_, .-_ZNSt16allocator_traitsISaIiEE8max_sizeERKS0_
	.section	.text._ZSt3minImERKT_S2_S2_,"axG",@progbits,_ZSt3minImERKT_S2_S2_,comdat
	.weak	_ZSt3minImERKT_S2_S2_
	.type	_ZSt3minImERKT_S2_S2_, @function
_ZSt3minImERKT_S2_S2_:
.LFB2390:
	.cfi_startproc
	endbr64
	pushq	%rbp
	.cfi_def_cfa_offset 16
	.cfi_offset 6, -16
	movq	%rsp, %rbp
	.cfi_def_cfa_register 6
	movq	%rdi, -8(%rbp)
	movq	%rsi, -16(%rbp)
	movq	-16(%rbp), %rax
	movq	(%rax), %rdx
	movq	-8(%rbp), %rax
	movq	(%rax), %rax
	cmpq	%rax, %rdx
	jnb	.L143
	movq	-16(%rbp), %rax
	jmp	.L144
.L143:
	movq	-8(%rbp), %rax
.L144:
	popq	%rbp
	.cfi_def_cfa 7, 8
	ret
	.cfi_endproc
.LFE2390:
	.size	_ZSt3minImERKT_S2_S2_, .-_ZSt3minImERKT_S2_S2_
	.section	.text._ZN9__gnu_cxx13new_allocatorIiEC2ERKS1_,"axG",@progbits,_ZN9__gnu_cxx13new_allocatorIiEC5ERKS1_,comdat
	.align 2
	.weak	_ZN9__gnu_cxx13new_allocatorIiEC2ERKS1_
	.type	_ZN9__gnu_cxx13new_allocatorIiEC2ERKS1_, @function
_ZN9__gnu_cxx13new_allocatorIiEC2ERKS1_:
.LFB2392:
	.cfi_startproc
	endbr64
	pushq	%rbp
	.cfi_def_cfa_offset 16
	.cfi_offset 6, -16
	movq	%rsp, %rbp
	.cfi_def_cfa_register 6
	movq	%rdi, -8(%rbp)
	movq	%rsi, -16(%rbp)
	nop
	popq	%rbp
	.cfi_def_cfa 7, 8
	ret
	.cfi_endproc
.LFE2392:
	.size	_ZN9__gnu_cxx13new_allocatorIiEC2ERKS1_, .-_ZN9__gnu_cxx13new_allocatorIiEC2ERKS1_
	.weak	_ZN9__gnu_cxx13new_allocatorIiEC1ERKS1_
	.set	_ZN9__gnu_cxx13new_allocatorIiEC1ERKS1_,_ZN9__gnu_cxx13new_allocatorIiEC2ERKS1_
	.section	.text._ZSt25__uninitialized_default_nIPimET_S1_T0_,"axG",@progbits,_ZSt25__uninitialized_default_nIPimET_S1_T0_,comdat
	.weak	_ZSt25__uninitialized_default_nIPimET_S1_T0_
	.type	_ZSt25__uninitialized_default_nIPimET_S1_T0_, @function
_ZSt25__uninitialized_default_nIPimET_S1_T0_:
.LFB2394:
	.cfi_startproc
	endbr64
	pushq	%rbp
	.cfi_def_cfa_offset 16
	.cfi_offset 6, -16
	movq	%rsp, %rbp
	.cfi_def_cfa_register 6
	subq	$32, %rsp
	movq	%rdi, -24(%rbp)
	movq	%rsi, -32(%rbp)
	movb	$1, -1(%rbp)
	movq	-32(%rbp), %rdx
	movq	-24(%rbp), %rax
	movq	%rdx, %rsi
	movq	%rax, %rdi
	call	_ZNSt27__uninitialized_default_n_1ILb1EE18__uninit_default_nIPimEET_S3_T0_
	leave
	.cfi_def_cfa 7, 8
	ret
	.cfi_endproc
.LFE2394:
	.size	_ZSt25__uninitialized_default_nIPimET_S1_T0_, .-_ZSt25__uninitialized_default_nIPimET_S1_T0_
	.section	.text._ZNSt12_Destroy_auxILb1EE9__destroyIPiEEvT_S3_,"axG",@progbits,_ZNSt12_Destroy_auxILb1EE9__destroyIPiEEvT_S3_,comdat
	.weak	_ZNSt12_Destroy_auxILb1EE9__destroyIPiEEvT_S3_
	.type	_ZNSt12_Destroy_auxILb1EE9__destroyIPiEEvT_S3_, @function
_ZNSt12_Destroy_auxILb1EE9__destroyIPiEEvT_S3_:
.LFB2395:
	.cfi_startproc
	endbr64
	pushq	%rbp
	.cfi_def_cfa_offset 16
	.cfi_offset 6, -16
	movq	%rsp, %rbp
	.cfi_def_cfa_register 6
	movq	%rdi, -8(%rbp)
	movq	%rsi, -16(%rbp)
	nop
	popq	%rbp
	.cfi_def_cfa 7, 8
	ret
	.cfi_endproc
.LFE2395:
	.size	_ZNSt12_Destroy_auxILb1EE9__destroyIPiEEvT_S3_, .-_ZNSt12_Destroy_auxILb1EE9__destroyIPiEEvT_S3_
	.section	.text._ZN9__gnu_cxx13new_allocatorIiE10deallocateEPim,"axG",@progbits,_ZN9__gnu_cxx13new_allocatorIiE10deallocateEPim,comdat
	.align 2
	.weak	_ZN9__gnu_cxx13new_allocatorIiE10deallocateEPim
	.type	_ZN9__gnu_cxx13new_allocatorIiE10deallocateEPim, @function
_ZN9__gnu_cxx13new_allocatorIiE10deallocateEPim:
.LFB2396:
	.cfi_startproc
	endbr64
	pushq	%rbp
	.cfi_def_cfa_offset 16
	.cfi_offset 6, -16
	movq	%rsp, %rbp
	.cfi_def_cfa_register 6
	subq	$32, %rsp
	movq	%rdi, -8(%rbp)
	movq	%rsi, -16(%rbp)
	movq	%rdx, -24(%rbp)
	movq	-16(%rbp), %rax
	movq	%rax, %rdi
	call	_ZdlPv@PLT
	nop
	leave
	.cfi_def_cfa 7, 8
	ret
	.cfi_endproc
.LFE2396:
	.size	_ZN9__gnu_cxx13new_allocatorIiE10deallocateEPim, .-_ZN9__gnu_cxx13new_allocatorIiE10deallocateEPim
	.section	.text._ZNKSt6vectorIiSaIiEE8max_sizeEv,"axG",@progbits,_ZNKSt6vectorIiSaIiEE8max_sizeEv,comdat
	.align 2
	.weak	_ZNKSt6vectorIiSaIiEE8max_sizeEv
	.type	_ZNKSt6vectorIiSaIiEE8max_sizeEv, @function
_ZNKSt6vectorIiSaIiEE8max_sizeEv:
.LFB2397:
	.cfi_startproc
	endbr64
	pushq	%rbp
	.cfi_def_cfa_offset 16
	.cfi_offset 6, -16
	movq	%rsp, %rbp
	.cfi_def_cfa_register 6
	subq	$16, %rsp
	movq	%rdi, -8(%rbp)
	movq	-8(%rbp), %rax
	movq	%rax, %rdi
	call	_ZNKSt12_Vector_baseIiSaIiEE19_M_get_Tp_allocatorEv
	movq	%rax, %rdi
	call	_ZNSt6vectorIiSaIiEE11_S_max_sizeERKS0_
	leave
	.cfi_def_cfa 7, 8
	ret
	.cfi_endproc
.LFE2397:
	.size	_ZNKSt6vectorIiSaIiEE8max_sizeEv, .-_ZNKSt6vectorIiSaIiEE8max_sizeEv
	.section	.text._ZNKSt6vectorIiSaIiEE4sizeEv,"axG",@progbits,_ZNKSt6vectorIiSaIiEE4sizeEv,comdat
	.align 2
	.weak	_ZNKSt6vectorIiSaIiEE4sizeEv
	.type	_ZNKSt6vectorIiSaIiEE4sizeEv, @function
_ZNKSt6vectorIiSaIiEE4sizeEv:
.LFB2398:
	.cfi_startproc
	endbr64
	pushq	%rbp
	.cfi_def_cfa_offset 16
	.cfi_offset 6, -16
	movq	%rsp, %rbp
	.cfi_def_cfa_register 6
	movq	%rdi, -8(%rbp)
	movq	-8(%rbp), %rax
	movq	8(%rax), %rdx
	movq	-8(%rbp), %rax
	movq	(%rax), %rax
	subq	%rax, %rdx
	movq	%rdx, %rax
	sarq	$2, %rax
	popq	%rbp
	.cfi_def_cfa 7, 8
	ret
	.cfi_endproc
.LFE2398:
	.size	_ZNKSt6vectorIiSaIiEE4sizeEv, .-_ZNKSt6vectorIiSaIiEE4sizeEv
	.section	.text._ZSt3maxImERKT_S2_S2_,"axG",@progbits,_ZSt3maxImERKT_S2_S2_,comdat
	.weak	_ZSt3maxImERKT_S2_S2_
	.type	_ZSt3maxImERKT_S2_S2_, @function
_ZSt3maxImERKT_S2_S2_:
.LFB2399:
	.cfi_startproc
	endbr64
	pushq	%rbp
	.cfi_def_cfa_offset 16
	.cfi_offset 6, -16
	movq	%rsp, %rbp
	.cfi_def_cfa_register 6
	movq	%rdi, -8(%rbp)
	movq	%rsi, -16(%rbp)
	movq	-8(%rbp), %rax
	movq	(%rax), %rdx
	movq	-16(%rbp), %rax
	movq	(%rax), %rax
	cmpq	%rax, %rdx
	jnb	.L155
	movq	-16(%rbp), %rax
	jmp	.L156
.L155:
	movq	-8(%rbp), %rax
.L156:
	popq	%rbp
	.cfi_def_cfa 7, 8
	ret
	.cfi_endproc
.LFE2399:
	.size	_ZSt3maxImERKT_S2_S2_, .-_ZSt3maxImERKT_S2_S2_
	.section	.text._ZNSt16allocator_traitsISaIiEE8allocateERS0_m,"axG",@progbits,_ZNSt16allocator_traitsISaIiEE8allocateERS0_m,comdat
	.weak	_ZNSt16allocator_traitsISaIiEE8allocateERS0_m
	.type	_ZNSt16allocator_traitsISaIiEE8allocateERS0_m, @function
_ZNSt16allocator_traitsISaIiEE8allocateERS0_m:
.LFB2400:
	.cfi_startproc
	endbr64
	pushq	%rbp
	.cfi_def_cfa_offset 16
	.cfi_offset 6, -16
	movq	%rsp, %rbp
	.cfi_def_cfa_register 6
	subq	$16, %rsp
	movq	%rdi, -8(%rbp)
	movq	%rsi, -16(%rbp)
	movq	-16(%rbp), %rcx
	movq	-8(%rbp), %rax
	movl	$0, %edx
	movq	%rcx, %rsi
	movq	%rax, %rdi
	call	_ZN9__gnu_cxx13new_allocatorIiE8allocateEmPKv
	leave
	.cfi_def_cfa 7, 8
	ret
	.cfi_endproc
.LFE2400:
	.size	_ZNSt16allocator_traitsISaIiEE8allocateERS0_m, .-_ZNSt16allocator_traitsISaIiEE8allocateERS0_m
	.section	.text._ZNSt6vectorIiSaIiEE14_S_do_relocateEPiS2_S2_RS0_St17integral_constantIbLb1EE,"axG",@progbits,_ZNSt6vectorIiSaIiEE14_S_do_relocateEPiS2_S2_RS0_St17integral_constantIbLb1EE,comdat
	.weak	_ZNSt6vectorIiSaIiEE14_S_do_relocateEPiS2_S2_RS0_St17integral_constantIbLb1EE
	.type	_ZNSt6vectorIiSaIiEE14_S_do_relocateEPiS2_S2_RS0_St17integral_constantIbLb1EE, @function
_ZNSt6vectorIiSaIiEE14_S_do_relocateEPiS2_S2_RS0_St17integral_constantIbLb1EE:
.LFB2401:
	.cfi_startproc
	endbr64
	pushq	%rbp
	.cfi_def_cfa_offset 16
	.cfi_offset 6, -16
	movq	%rsp, %rbp
	.cfi_def_cfa_register 6
	subq	$32, %rsp
	movq	%rdi, -8(%rbp)
	movq	%rsi, -16(%rbp)
	movq	%rdx, -24(%rbp)
	movq	%rcx, -32(%rbp)
	movq	-32(%rbp), %rcx
	movq	-24(%rbp), %rdx
	movq	-16(%rbp), %rsi
	movq	-8(%rbp), %rax
	movq	%rax, %rdi
	call	_ZSt12__relocate_aIPiS0_SaIiEET0_T_S3_S2_RT1_
	leave
	.cfi_def_cfa 7, 8
	ret
	.cfi_endproc
.LFE2401:
	.size	_ZNSt6vectorIiSaIiEE14_S_do_relocateEPiS2_S2_RS0_St17integral_constantIbLb1EE, .-_ZNSt6vectorIiSaIiEE14_S_do_relocateEPiS2_S2_RS0_St17integral_constantIbLb1EE
	.section	.text._ZSt32__make_move_if_noexcept_iteratorIiSt13move_iteratorIPiEET0_PT_,"axG",@progbits,_ZSt32__make_move_if_noexcept_iteratorIiSt13move_iteratorIPiEET0_PT_,comdat
	.weak	_ZSt32__make_move_if_noexcept_iteratorIiSt13move_iteratorIPiEET0_PT_
	.type	_ZSt32__make_move_if_noexcept_iteratorIiSt13move_iteratorIPiEET0_PT_, @function
_ZSt32__make_move_if_noexcept_iteratorIiSt13move_iteratorIPiEET0_PT_:
.LFB2402:
	.cfi_startproc
	endbr64
	pushq	%rbp
	.cfi_def_cfa_offset 16
	.cfi_offset 6, -16
	movq	%rsp, %rbp
	.cfi_def_cfa_register 6
	subq	$32, %rsp
	movq	%rdi, -24(%rbp)
	movq	%fs:40, %rax
	movq	%rax, -8(%rbp)
	xorl	%eax, %eax
	movq	-24(%rbp), %rdx
	leaq	-16(%rbp), %rax
	movq	%rdx, %rsi
	movq	%rax, %rdi
	call	_ZNSt13move_iteratorIPiEC1ES0_
	movq	-16(%rbp), %rax
	movq	-8(%rbp), %rcx
	xorq	%fs:40, %rcx
	je	.L163
	call	__stack_chk_fail@PLT
.L163:
	leave
	.cfi_def_cfa 7, 8
	ret
	.cfi_endproc
.LFE2402:
	.size	_ZSt32__make_move_if_noexcept_iteratorIiSt13move_iteratorIPiEET0_PT_, .-_ZSt32__make_move_if_noexcept_iteratorIiSt13move_iteratorIPiEET0_PT_
	.section	.text._ZSt22__uninitialized_copy_aISt13move_iteratorIPiES1_iET0_T_S4_S3_RSaIT1_E,"axG",@progbits,_ZSt22__uninitialized_copy_aISt13move_iteratorIPiES1_iET0_T_S4_S3_RSaIT1_E,comdat
	.weak	_ZSt22__uninitialized_copy_aISt13move_iteratorIPiES1_iET0_T_S4_S3_RSaIT1_E
	.type	_ZSt22__uninitialized_copy_aISt13move_iteratorIPiES1_iET0_T_S4_S3_RSaIT1_E, @function
_ZSt22__uninitialized_copy_aISt13move_iteratorIPiES1_iET0_T_S4_S3_RSaIT1_E:
.LFB2403:
	.cfi_startproc
	endbr64
	pushq	%rbp
	.cfi_def_cfa_offset 16
	.cfi_offset 6, -16
	movq	%rsp, %rbp
	.cfi_def_cfa_register 6
	subq	$32, %rsp
	movq	%rdi, -8(%rbp)
	movq	%rsi, -16(%rbp)
	movq	%rdx, -24(%rbp)
	movq	%rcx, -32(%rbp)
	movq	-24(%rbp), %rdx
	movq	-16(%rbp), %rcx
	movq	-8(%rbp), %rax
	movq	%rcx, %rsi
	movq	%rax, %rdi
	call	_ZSt18uninitialized_copyISt13move_iteratorIPiES1_ET0_T_S4_S3_
	leave
	.cfi_def_cfa 7, 8
	ret
	.cfi_endproc
.LFE2403:
	.size	_ZSt22__uninitialized_copy_aISt13move_iteratorIPiES1_iET0_T_S4_S3_RSaIT1_E, .-_ZSt22__uninitialized_copy_aISt13move_iteratorIPiES1_iET0_T_S4_S3_RSaIT1_E
	.section	.text._ZN9__gnu_cxx13new_allocatorIiE7destroyIiEEvPT_,"axG",@progbits,_ZN9__gnu_cxx13new_allocatorIiE7destroyIiEEvPT_,comdat
	.align 2
	.weak	_ZN9__gnu_cxx13new_allocatorIiE7destroyIiEEvPT_
	.type	_ZN9__gnu_cxx13new_allocatorIiE7destroyIiEEvPT_, @function
_ZN9__gnu_cxx13new_allocatorIiE7destroyIiEEvPT_:
.LFB2404:
	.cfi_startproc
	endbr64
	pushq	%rbp
	.cfi_def_cfa_offset 16
	.cfi_offset 6, -16
	movq	%rsp, %rbp
	.cfi_def_cfa_register 6
	movq	%rdi, -8(%rbp)
	movq	%rsi, -16(%rbp)
	nop
	popq	%rbp
	.cfi_def_cfa 7, 8
	ret
	.cfi_endproc
.LFE2404:
	.size	_ZN9__gnu_cxx13new_allocatorIiE7destroyIiEEvPT_, .-_ZN9__gnu_cxx13new_allocatorIiE7destroyIiEEvPT_
	.section	.text._ZNK9__gnu_cxx13new_allocatorIiE8max_sizeEv,"axG",@progbits,_ZNK9__gnu_cxx13new_allocatorIiE8max_sizeEv,comdat
	.align 2
	.weak	_ZNK9__gnu_cxx13new_allocatorIiE8max_sizeEv
	.type	_ZNK9__gnu_cxx13new_allocatorIiE8max_sizeEv, @function
_ZNK9__gnu_cxx13new_allocatorIiE8max_sizeEv:
.LFB2435:
	.cfi_startproc
	endbr64
	pushq	%rbp
	.cfi_def_cfa_offset 16
	.cfi_offset 6, -16
	movq	%rsp, %rbp
	.cfi_def_cfa_register 6
	movq	%rdi, -8(%rbp)
	movabsq	$2305843009213693951, %rax
	popq	%rbp
	.cfi_def_cfa 7, 8
	ret
	.cfi_endproc
.LFE2435:
	.size	_ZNK9__gnu_cxx13new_allocatorIiE8max_sizeEv, .-_ZNK9__gnu_cxx13new_allocatorIiE8max_sizeEv
	.section	.text._ZNSt27__uninitialized_default_n_1ILb1EE18__uninit_default_nIPimEET_S3_T0_,"axG",@progbits,_ZNSt27__uninitialized_default_n_1ILb1EE18__uninit_default_nIPimEET_S3_T0_,comdat
	.weak	_ZNSt27__uninitialized_default_n_1ILb1EE18__uninit_default_nIPimEET_S3_T0_
	.type	_ZNSt27__uninitialized_default_n_1ILb1EE18__uninit_default_nIPimEET_S3_T0_, @function
_ZNSt27__uninitialized_default_n_1ILb1EE18__uninit_default_nIPimEET_S3_T0_:
.LFB2436:
	.cfi_startproc
	endbr64
	pushq	%rbp
	.cfi_def_cfa_offset 16
	.cfi_offset 6, -16
	movq	%rsp, %rbp
	.cfi_def_cfa_register 6
	subq	$32, %rsp
	movq	%rdi, -24(%rbp)
	movq	%rsi, -32(%rbp)
	movq	%fs:40, %rax
	movq	%rax, -8(%rbp)
	xorl	%eax, %eax
	movl	$0, -12(%rbp)
	leaq	-12(%rbp), %rdx
	movq	-32(%rbp), %rcx
	movq	-24(%rbp), %rax
	movq	%rcx, %rsi
	movq	%rax, %rdi
	call	_ZSt6fill_nIPimiET_S1_T0_RKT1_
	movq	-8(%rbp), %rcx
	xorq	%fs:40, %rcx
	je	.L171
	call	__stack_chk_fail@PLT
.L171:
	leave
	.cfi_def_cfa 7, 8
	ret
	.cfi_endproc
.LFE2436:
	.size	_ZNSt27__uninitialized_default_n_1ILb1EE18__uninit_default_nIPimEET_S3_T0_, .-_ZNSt27__uninitialized_default_n_1ILb1EE18__uninit_default_nIPimEET_S3_T0_
	.section	.text._ZNKSt12_Vector_baseIiSaIiEE19_M_get_Tp_allocatorEv,"axG",@progbits,_ZNKSt12_Vector_baseIiSaIiEE19_M_get_Tp_allocatorEv,comdat
	.align 2
	.weak	_ZNKSt12_Vector_baseIiSaIiEE19_M_get_Tp_allocatorEv
	.type	_ZNKSt12_Vector_baseIiSaIiEE19_M_get_Tp_allocatorEv, @function
_ZNKSt12_Vector_baseIiSaIiEE19_M_get_Tp_allocatorEv:
.LFB2437:
	.cfi_startproc
	endbr64
	pushq	%rbp
	.cfi_def_cfa_offset 16
	.cfi_offset 6, -16
	movq	%rsp, %rbp
	.cfi_def_cfa_register 6
	movq	%rdi, -8(%rbp)
	movq	-8(%rbp), %rax
	popq	%rbp
	.cfi_def_cfa 7, 8
	ret
	.cfi_endproc
.LFE2437:
	.size	_ZNKSt12_Vector_baseIiSaIiEE19_M_get_Tp_allocatorEv, .-_ZNKSt12_Vector_baseIiSaIiEE19_M_get_Tp_allocatorEv
	.section	.text._ZN9__gnu_cxx13new_allocatorIiE8allocateEmPKv,"axG",@progbits,_ZN9__gnu_cxx13new_allocatorIiE8allocateEmPKv,comdat
	.align 2
	.weak	_ZN9__gnu_cxx13new_allocatorIiE8allocateEmPKv
	.type	_ZN9__gnu_cxx13new_allocatorIiE8allocateEmPKv, @function
_ZN9__gnu_cxx13new_allocatorIiE8allocateEmPKv:
.LFB2438:
	.cfi_startproc
	endbr64
	pushq	%rbp
	.cfi_def_cfa_offset 16
	.cfi_offset 6, -16
	movq	%rsp, %rbp
	.cfi_def_cfa_register 6
	subq	$32, %rsp
	movq	%rdi, -8(%rbp)
	movq	%rsi, -16(%rbp)
	movq	%rdx, -24(%rbp)
	movq	-8(%rbp), %rax
	movq	%rax, %rdi
	call	_ZNK9__gnu_cxx13new_allocatorIiE8max_sizeEv
	cmpq	%rax, -16(%rbp)
	seta	%al
	testb	%al, %al
	je	.L175
	call	_ZSt17__throw_bad_allocv@PLT
.L175:
	movq	-16(%rbp), %rax
	salq	$2, %rax
	movq	%rax, %rdi
	call	_Znwm@PLT
	leave
	.cfi_def_cfa 7, 8
	ret
	.cfi_endproc
.LFE2438:
	.size	_ZN9__gnu_cxx13new_allocatorIiE8allocateEmPKv, .-_ZN9__gnu_cxx13new_allocatorIiE8allocateEmPKv
	.section	.text._ZSt12__relocate_aIPiS0_SaIiEET0_T_S3_S2_RT1_,"axG",@progbits,_ZSt12__relocate_aIPiS0_SaIiEET0_T_S3_S2_RT1_,comdat
	.weak	_ZSt12__relocate_aIPiS0_SaIiEET0_T_S3_S2_RT1_
	.type	_ZSt12__relocate_aIPiS0_SaIiEET0_T_S3_S2_RT1_, @function
_ZSt12__relocate_aIPiS0_SaIiEET0_T_S3_S2_RT1_:
.LFB2439:
	.cfi_startproc
	endbr64
	pushq	%rbp
	.cfi_def_cfa_offset 16
	.cfi_offset 6, -16
	movq	%rsp, %rbp
	.cfi_def_cfa_register 6
	pushq	%r12
	pushq	%rbx
	subq	$32, %rsp
	.cfi_offset 12, -24
	.cfi_offset 3, -32
	movq	%rdi, -24(%rbp)
	movq	%rsi, -32(%rbp)
	movq	%rdx, -40(%rbp)
	movq	%rcx, -48(%rbp)
	movq	-40(%rbp), %rax
	movq	%rax, %rdi
	call	_ZSt12__niter_baseIPiET_S1_
	movq	%rax, %r12
	movq	-32(%rbp), %rax
	movq	%rax, %rdi
	call	_ZSt12__niter_baseIPiET_S1_
	movq	%rax, %rbx
	movq	-24(%rbp), %rax
	movq	%rax, %rdi
	call	_ZSt12__niter_baseIPiET_S1_
	movq	%rax, %rdi
	movq	-48(%rbp), %rax
	movq	%rax, %rcx
	movq	%r12, %rdx
	movq	%rbx, %rsi
	call	_ZSt14__relocate_a_1IiiENSt9enable_ifIXsrSt24__is_bitwise_relocatableIT_vE5valueEPS2_E4typeES4_S4_S4_RSaIT0_E
	addq	$32, %rsp
	popq	%rbx
	popq	%r12
	popq	%rbp
	.cfi_def_cfa 7, 8
	ret
	.cfi_endproc
.LFE2439:
	.size	_ZSt12__relocate_aIPiS0_SaIiEET0_T_S3_S2_RT1_, .-_ZSt12__relocate_aIPiS0_SaIiEET0_T_S3_S2_RT1_
	.section	.text._ZNSt13move_iteratorIPiEC2ES0_,"axG",@progbits,_ZNSt13move_iteratorIPiEC5ES0_,comdat
	.align 2
	.weak	_ZNSt13move_iteratorIPiEC2ES0_
	.type	_ZNSt13move_iteratorIPiEC2ES0_, @function
_ZNSt13move_iteratorIPiEC2ES0_:
.LFB2441:
	.cfi_startproc
	endbr64
	pushq	%rbp
	.cfi_def_cfa_offset 16
	.cfi_offset 6, -16
	movq	%rsp, %rbp
	.cfi_def_cfa_register 6
	movq	%rdi, -8(%rbp)
	movq	%rsi, -16(%rbp)
	movq	-8(%rbp), %rax
	movq	-16(%rbp), %rdx
	movq	%rdx, (%rax)
	nop
	popq	%rbp
	.cfi_def_cfa 7, 8
	ret
	.cfi_endproc
.LFE2441:
	.size	_ZNSt13move_iteratorIPiEC2ES0_, .-_ZNSt13move_iteratorIPiEC2ES0_
	.weak	_ZNSt13move_iteratorIPiEC1ES0_
	.set	_ZNSt13move_iteratorIPiEC1ES0_,_ZNSt13move_iteratorIPiEC2ES0_
	.section	.text._ZSt18uninitialized_copyISt13move_iteratorIPiES1_ET0_T_S4_S3_,"axG",@progbits,_ZSt18uninitialized_copyISt13move_iteratorIPiES1_ET0_T_S4_S3_,comdat
	.weak	_ZSt18uninitialized_copyISt13move_iteratorIPiES1_ET0_T_S4_S3_
	.type	_ZSt18uninitialized_copyISt13move_iteratorIPiES1_ET0_T_S4_S3_, @function
_ZSt18uninitialized_copyISt13move_iteratorIPiES1_ET0_T_S4_S3_:
.LFB2443:
	.cfi_startproc
	endbr64
	pushq	%rbp
	.cfi_def_cfa_offset 16
	.cfi_offset 6, -16
	movq	%rsp, %rbp
	.cfi_def_cfa_register 6
	subq	$48, %rsp
	movq	%rdi, -24(%rbp)
	movq	%rsi, -32(%rbp)
	movq	%rdx, -40(%rbp)
	movb	$1, -1(%rbp)
	movq	-40(%rbp), %rdx
	movq	-32(%rbp), %rcx
	movq	-24(%rbp), %rax
	movq	%rcx, %rsi
	movq	%rax, %rdi
	call	_ZNSt20__uninitialized_copyILb1EE13__uninit_copyISt13move_iteratorIPiES3_EET0_T_S6_S5_
	leave
	.cfi_def_cfa 7, 8
	ret
	.cfi_endproc
.LFE2443:
	.size	_ZSt18uninitialized_copyISt13move_iteratorIPiES1_ET0_T_S4_S3_, .-_ZSt18uninitialized_copyISt13move_iteratorIPiES1_ET0_T_S4_S3_
	.section	.text._ZSt6fill_nIPimiET_S1_T0_RKT1_,"axG",@progbits,_ZSt6fill_nIPimiET_S1_T0_RKT1_,comdat
	.weak	_ZSt6fill_nIPimiET_S1_T0_RKT1_
	.type	_ZSt6fill_nIPimiET_S1_T0_RKT1_, @function
_ZSt6fill_nIPimiET_S1_T0_RKT1_:
.LFB2471:
	.cfi_startproc
	endbr64
	pushq	%rbp
	.cfi_def_cfa_offset 16
	.cfi_offset 6, -16
	movq	%rsp, %rbp
	.cfi_def_cfa_register 6
	subq	$32, %rsp
	movq	%rdi, -8(%rbp)
	movq	%rsi, -16(%rbp)
	movq	%rdx, -24(%rbp)
	movq	-8(%rbp), %rax
	movq	%rax, %rdi
	call	_ZSt12__niter_baseIPiET_S1_
	movq	%rax, %rcx
	movq	-24(%rbp), %rdx
	movq	-16(%rbp), %rax
	movq	%rax, %rsi
	movq	%rcx, %rdi
	call	_ZSt10__fill_n_aIPimiEN9__gnu_cxx11__enable_ifIXsrSt11__is_scalarIT1_E7__valueET_E6__typeES6_T0_RKS4_
	movq	%rax, %rdx
	leaq	-8(%rbp), %rax
	movq	%rdx, %rsi
	movq	%rax, %rdi
	call	_ZSt12__niter_wrapIPiET_RKS1_S1_
	leave
	.cfi_def_cfa 7, 8
	ret
	.cfi_endproc
.LFE2471:
	.size	_ZSt6fill_nIPimiET_S1_T0_RKT1_, .-_ZSt6fill_nIPimiET_S1_T0_RKT1_
	.section	.text._ZSt12__niter_baseIPiET_S1_,"axG",@progbits,_ZSt12__niter_baseIPiET_S1_,comdat
	.weak	_ZSt12__niter_baseIPiET_S1_
	.type	_ZSt12__niter_baseIPiET_S1_, @function
_ZSt12__niter_baseIPiET_S1_:
.LFB2472:
	.cfi_startproc
	endbr64
	pushq	%rbp
	.cfi_def_cfa_offset 16
	.cfi_offset 6, -16
	movq	%rsp, %rbp
	.cfi_def_cfa_register 6
	movq	%rdi, -8(%rbp)
	movq	-8(%rbp), %rax
	popq	%rbp
	.cfi_def_cfa 7, 8
	ret
	.cfi_endproc
.LFE2472:
	.size	_ZSt12__niter_baseIPiET_S1_, .-_ZSt12__niter_baseIPiET_S1_
	.section	.text._ZSt14__relocate_a_1IiiENSt9enable_ifIXsrSt24__is_bitwise_relocatableIT_vE5valueEPS2_E4typeES4_S4_S4_RSaIT0_E,"axG",@progbits,_ZSt14__relocate_a_1IiiENSt9enable_ifIXsrSt24__is_bitwise_relocatableIT_vE5valueEPS2_E4typeES4_S4_S4_RSaIT0_E,comdat
	.weak	_ZSt14__relocate_a_1IiiENSt9enable_ifIXsrSt24__is_bitwise_relocatableIT_vE5valueEPS2_E4typeES4_S4_S4_RSaIT0_E
	.type	_ZSt14__relocate_a_1IiiENSt9enable_ifIXsrSt24__is_bitwise_relocatableIT_vE5valueEPS2_E4typeES4_S4_S4_RSaIT0_E, @function
_ZSt14__relocate_a_1IiiENSt9enable_ifIXsrSt24__is_bitwise_relocatableIT_vE5valueEPS2_E4typeES4_S4_S4_RSaIT0_E:
.LFB2473:
	.cfi_startproc
	endbr64
	pushq	%rbp
	.cfi_def_cfa_offset 16
	.cfi_offset 6, -16
	movq	%rsp, %rbp
	.cfi_def_cfa_register 6
	subq	$48, %rsp
	movq	%rdi, -24(%rbp)
	movq	%rsi, -32(%rbp)
	movq	%rdx, -40(%rbp)
	movq	%rcx, -48(%rbp)
	movq	-32(%rbp), %rax
	subq	-24(%rbp), %rax
	sarq	$2, %rax
	movq	%rax, -8(%rbp)
	cmpq	$0, -8(%rbp)
	jle	.L187
	movq	-8(%rbp), %rax
	leaq	0(,%rax,4), %rdx
	movq	-24(%rbp), %rcx
	movq	-40(%rbp), %rax
	movq	%rcx, %rsi
	movq	%rax, %rdi
	call	memmove@PLT
.L187:
	movq	-8(%rbp), %rax
	leaq	0(,%rax,4), %rdx
	movq	-40(%rbp), %rax
	addq	%rdx, %rax
	leave
	.cfi_def_cfa 7, 8
	ret
	.cfi_endproc
.LFE2473:
	.size	_ZSt14__relocate_a_1IiiENSt9enable_ifIXsrSt24__is_bitwise_relocatableIT_vE5valueEPS2_E4typeES4_S4_S4_RSaIT0_E, .-_ZSt14__relocate_a_1IiiENSt9enable_ifIXsrSt24__is_bitwise_relocatableIT_vE5valueEPS2_E4typeES4_S4_S4_RSaIT0_E
	.section	.text._ZNSt20__uninitialized_copyILb1EE13__uninit_copyISt13move_iteratorIPiES3_EET0_T_S6_S5_,"axG",@progbits,_ZNSt20__uninitialized_copyILb1EE13__uninit_copyISt13move_iteratorIPiES3_EET0_T_S6_S5_,comdat
	.weak	_ZNSt20__uninitialized_copyILb1EE13__uninit_copyISt13move_iteratorIPiES3_EET0_T_S6_S5_
	.type	_ZNSt20__uninitialized_copyILb1EE13__uninit_copyISt13move_iteratorIPiES3_EET0_T_S6_S5_, @function
_ZNSt20__uninitialized_copyILb1EE13__uninit_copyISt13move_iteratorIPiES3_EET0_T_S6_S5_:
.LFB2474:
	.cfi_startproc
	endbr64
	pushq	%rbp
	.cfi_def_cfa_offset 16
	.cfi_offset 6, -16
	movq	%rsp, %rbp
	.cfi_def_cfa_register 6
	subq	$32, %rsp
	movq	%rdi, -8(%rbp)
	movq	%rsi, -16(%rbp)
	movq	%rdx, -24(%rbp)
	movq	-24(%rbp), %rdx
	movq	-16(%rbp), %rcx
	movq	-8(%rbp), %rax
	movq	%rcx, %rsi
	movq	%rax, %rdi
	call	_ZSt4copyISt13move_iteratorIPiES1_ET0_T_S4_S3_
	leave
	.cfi_def_cfa 7, 8
	ret
	.cfi_endproc
.LFE2474:
	.size	_ZNSt20__uninitialized_copyILb1EE13__uninit_copyISt13move_iteratorIPiES3_EET0_T_S6_S5_, .-_ZNSt20__uninitialized_copyILb1EE13__uninit_copyISt13move_iteratorIPiES3_EET0_T_S6_S5_
	.section	.text._ZSt10__fill_n_aIPimiEN9__gnu_cxx11__enable_ifIXsrSt11__is_scalarIT1_E7__valueET_E6__typeES6_T0_RKS4_,"axG",@progbits,_ZSt10__fill_n_aIPimiEN9__gnu_cxx11__enable_ifIXsrSt11__is_scalarIT1_E7__valueET_E6__typeES6_T0_RKS4_,comdat
	.weak	_ZSt10__fill_n_aIPimiEN9__gnu_cxx11__enable_ifIXsrSt11__is_scalarIT1_E7__valueET_E6__typeES6_T0_RKS4_
	.type	_ZSt10__fill_n_aIPimiEN9__gnu_cxx11__enable_ifIXsrSt11__is_scalarIT1_E7__valueET_E6__typeES6_T0_RKS4_, @function
_ZSt10__fill_n_aIPimiEN9__gnu_cxx11__enable_ifIXsrSt11__is_scalarIT1_E7__valueET_E6__typeES6_T0_RKS4_:
.LFB2485:
	.cfi_startproc
	endbr64
	pushq	%rbp
	.cfi_def_cfa_offset 16
	.cfi_offset 6, -16
	movq	%rsp, %rbp
	.cfi_def_cfa_register 6
	movq	%rdi, -24(%rbp)
	movq	%rsi, -32(%rbp)
	movq	%rdx, -40(%rbp)
	movq	-40(%rbp), %rax
	movl	(%rax), %eax
	movl	%eax, -12(%rbp)
	movq	-32(%rbp), %rax
	movq	%rax, -8(%rbp)
.L193:
	cmpq	$0, -8(%rbp)
	je	.L192
	movq	-24(%rbp), %rax
	movl	-12(%rbp), %edx
	movl	%edx, (%rax)
	subq	$1, -8(%rbp)
	addq	$4, -24(%rbp)
	jmp	.L193
.L192:
	movq	-24(%rbp), %rax
	popq	%rbp
	.cfi_def_cfa 7, 8
	ret
	.cfi_endproc
.LFE2485:
	.size	_ZSt10__fill_n_aIPimiEN9__gnu_cxx11__enable_ifIXsrSt11__is_scalarIT1_E7__valueET_E6__typeES6_T0_RKS4_, .-_ZSt10__fill_n_aIPimiEN9__gnu_cxx11__enable_ifIXsrSt11__is_scalarIT1_E7__valueET_E6__typeES6_T0_RKS4_
	.section	.text._ZSt12__niter_wrapIPiET_RKS1_S1_,"axG",@progbits,_ZSt12__niter_wrapIPiET_RKS1_S1_,comdat
	.weak	_ZSt12__niter_wrapIPiET_RKS1_S1_
	.type	_ZSt12__niter_wrapIPiET_RKS1_S1_, @function
_ZSt12__niter_wrapIPiET_RKS1_S1_:
.LFB2486:
	.cfi_startproc
	endbr64
	pushq	%rbp
	.cfi_def_cfa_offset 16
	.cfi_offset 6, -16
	movq	%rsp, %rbp
	.cfi_def_cfa_register 6
	movq	%rdi, -8(%rbp)
	movq	%rsi, -16(%rbp)
	movq	-16(%rbp), %rax
	popq	%rbp
	.cfi_def_cfa 7, 8
	ret
	.cfi_endproc
.LFE2486:
	.size	_ZSt12__niter_wrapIPiET_RKS1_S1_, .-_ZSt12__niter_wrapIPiET_RKS1_S1_
	.section	.text._ZSt4copyISt13move_iteratorIPiES1_ET0_T_S4_S3_,"axG",@progbits,_ZSt4copyISt13move_iteratorIPiES1_ET0_T_S4_S3_,comdat
	.weak	_ZSt4copyISt13move_iteratorIPiES1_ET0_T_S4_S3_
	.type	_ZSt4copyISt13move_iteratorIPiES1_ET0_T_S4_S3_, @function
_ZSt4copyISt13move_iteratorIPiES1_ET0_T_S4_S3_:
.LFB2487:
	.cfi_startproc
	endbr64
	pushq	%rbp
	.cfi_def_cfa_offset 16
	.cfi_offset 6, -16
	movq	%rsp, %rbp
	.cfi_def_cfa_register 6
	pushq	%rbx
	subq	$40, %rsp
	.cfi_offset 3, -24
	movq	%rdi, -24(%rbp)
	movq	%rsi, -32(%rbp)
	movq	%rdx, -40(%rbp)
	movq	-32(%rbp), %rax
	movq	%rax, %rdi
	call	_ZSt12__miter_baseIPiEDTcl12__miter_basecldtfp_4baseEEESt13move_iteratorIT_E
	movq	%rax, %rbx
	movq	-24(%rbp), %rax
	movq	%rax, %rdi
	call	_ZSt12__miter_baseIPiEDTcl12__miter_basecldtfp_4baseEEESt13move_iteratorIT_E
	movq	%rax, %rcx
	movq	-40(%rbp), %rax
	movq	%rax, %rdx
	movq	%rbx, %rsi
	movq	%rcx, %rdi
	call	_ZSt14__copy_move_a2ILb1EPiS0_ET1_T0_S2_S1_
	addq	$40, %rsp
	popq	%rbx
	popq	%rbp
	.cfi_def_cfa 7, 8
	ret
	.cfi_endproc
.LFE2487:
	.size	_ZSt4copyISt13move_iteratorIPiES1_ET0_T_S4_S3_, .-_ZSt4copyISt13move_iteratorIPiES1_ET0_T_S4_S3_
	.section	.text._ZSt12__miter_baseIPiEDTcl12__miter_basecldtfp_4baseEEESt13move_iteratorIT_E,"axG",@progbits,_ZSt12__miter_baseIPiEDTcl12__miter_basecldtfp_4baseEEESt13move_iteratorIT_E,comdat
	.weak	_ZSt12__miter_baseIPiEDTcl12__miter_basecldtfp_4baseEEESt13move_iteratorIT_E
	.type	_ZSt12__miter_baseIPiEDTcl12__miter_basecldtfp_4baseEEESt13move_iteratorIT_E, @function
_ZSt12__miter_baseIPiEDTcl12__miter_basecldtfp_4baseEEESt13move_iteratorIT_E:
.LFB2490:
	.cfi_startproc
	endbr64
	pushq	%rbp
	.cfi_def_cfa_offset 16
	.cfi_offset 6, -16
	movq	%rsp, %rbp
	.cfi_def_cfa_register 6
	subq	$16, %rsp
	movq	%rdi, -8(%rbp)
	leaq	-8(%rbp), %rax
	movq	%rax, %rdi
	call	_ZNKSt13move_iteratorIPiE4baseEv
	movq	%rax, %rdi
	call	_ZSt12__miter_baseIPiET_S1_
	leave
	.cfi_def_cfa 7, 8
	ret
	.cfi_endproc
.LFE2490:
	.size	_ZSt12__miter_baseIPiEDTcl12__miter_basecldtfp_4baseEEESt13move_iteratorIT_E, .-_ZSt12__miter_baseIPiEDTcl12__miter_basecldtfp_4baseEEESt13move_iteratorIT_E
	.section	.text._ZSt14__copy_move_a2ILb1EPiS0_ET1_T0_S2_S1_,"axG",@progbits,_ZSt14__copy_move_a2ILb1EPiS0_ET1_T0_S2_S1_,comdat
	.weak	_ZSt14__copy_move_a2ILb1EPiS0_ET1_T0_S2_S1_
	.type	_ZSt14__copy_move_a2ILb1EPiS0_ET1_T0_S2_S1_, @function
_ZSt14__copy_move_a2ILb1EPiS0_ET1_T0_S2_S1_:
.LFB2491:
	.cfi_startproc
	endbr64
	pushq	%rbp
	.cfi_def_cfa_offset 16
	.cfi_offset 6, -16
	movq	%rsp, %rbp
	.cfi_def_cfa_register 6
	pushq	%r12
	pushq	%rbx
	subq	$32, %rsp
	.cfi_offset 12, -24
	.cfi_offset 3, -32
	movq	%rdi, -24(%rbp)
	movq	%rsi, -32(%rbp)
	movq	%rdx, -40(%rbp)
	movq	-40(%rbp), %rax
	movq	%rax, %rdi
	call	_ZSt12__niter_baseIPiET_S1_
	movq	%rax, %r12
	movq	-32(%rbp), %rax
	movq	%rax, %rdi
	call	_ZSt12__niter_baseIPiET_S1_
	movq	%rax, %rbx
	movq	-24(%rbp), %rax
	movq	%rax, %rdi
	call	_ZSt12__niter_baseIPiET_S1_
	movq	%r12, %rdx
	movq	%rbx, %rsi
	movq	%rax, %rdi
	call	_ZSt13__copy_move_aILb1EPiS0_ET1_T0_S2_S1_
	movq	%rax, %rdx
	leaq	-40(%rbp), %rax
	movq	%rdx, %rsi
	movq	%rax, %rdi
	call	_ZSt12__niter_wrapIPiET_RKS1_S1_
	addq	$32, %rsp
	popq	%rbx
	popq	%r12
	popq	%rbp
	.cfi_def_cfa 7, 8
	ret
	.cfi_endproc
.LFE2491:
	.size	_ZSt14__copy_move_a2ILb1EPiS0_ET1_T0_S2_S1_, .-_ZSt14__copy_move_a2ILb1EPiS0_ET1_T0_S2_S1_
	.section	.text._ZNKSt13move_iteratorIPiE4baseEv,"axG",@progbits,_ZNKSt13move_iteratorIPiE4baseEv,comdat
	.align 2
	.weak	_ZNKSt13move_iteratorIPiE4baseEv
	.type	_ZNKSt13move_iteratorIPiE4baseEv, @function
_ZNKSt13move_iteratorIPiE4baseEv:
.LFB2492:
	.cfi_startproc
	endbr64
	pushq	%rbp
	.cfi_def_cfa_offset 16
	.cfi_offset 6, -16
	movq	%rsp, %rbp
	.cfi_def_cfa_register 6
	movq	%rdi, -8(%rbp)
	movq	-8(%rbp), %rax
	movq	(%rax), %rax
	popq	%rbp
	.cfi_def_cfa 7, 8
	ret
	.cfi_endproc
.LFE2492:
	.size	_ZNKSt13move_iteratorIPiE4baseEv, .-_ZNKSt13move_iteratorIPiE4baseEv
	.section	.text._ZSt12__miter_baseIPiET_S1_,"axG",@progbits,_ZSt12__miter_baseIPiET_S1_,comdat
	.weak	_ZSt12__miter_baseIPiET_S1_
	.type	_ZSt12__miter_baseIPiET_S1_, @function
_ZSt12__miter_baseIPiET_S1_:
.LFB2493:
	.cfi_startproc
	endbr64
	pushq	%rbp
	.cfi_def_cfa_offset 16
	.cfi_offset 6, -16
	movq	%rsp, %rbp
	.cfi_def_cfa_register 6
	movq	%rdi, -8(%rbp)
	movq	-8(%rbp), %rax
	popq	%rbp
	.cfi_def_cfa 7, 8
	ret
	.cfi_endproc
.LFE2493:
	.size	_ZSt12__miter_baseIPiET_S1_, .-_ZSt12__miter_baseIPiET_S1_
	.section	.text._ZSt13__copy_move_aILb1EPiS0_ET1_T0_S2_S1_,"axG",@progbits,_ZSt13__copy_move_aILb1EPiS0_ET1_T0_S2_S1_,comdat
	.weak	_ZSt13__copy_move_aILb1EPiS0_ET1_T0_S2_S1_
	.type	_ZSt13__copy_move_aILb1EPiS0_ET1_T0_S2_S1_, @function
_ZSt13__copy_move_aILb1EPiS0_ET1_T0_S2_S1_:
.LFB2494:
	.cfi_startproc
	endbr64
	pushq	%rbp
	.cfi_def_cfa_offset 16
	.cfi_offset 6, -16
	movq	%rsp, %rbp
	.cfi_def_cfa_register 6
	subq	$48, %rsp
	movq	%rdi, -24(%rbp)
	movq	%rsi, -32(%rbp)
	movq	%rdx, -40(%rbp)
	movb	$1, -1(%rbp)
	movq	-40(%rbp), %rdx
	movq	-32(%rbp), %rcx
	movq	-24(%rbp), %rax
	movq	%rcx, %rsi
	movq	%rax, %rdi
	call	_ZNSt11__copy_moveILb1ELb1ESt26random_access_iterator_tagE8__copy_mIiEEPT_PKS3_S6_S4_
	leave
	.cfi_def_cfa 7, 8
	ret
	.cfi_endproc
.LFE2494:
	.size	_ZSt13__copy_move_aILb1EPiS0_ET1_T0_S2_S1_, .-_ZSt13__copy_move_aILb1EPiS0_ET1_T0_S2_S1_
	.section	.text._ZNSt11__copy_moveILb1ELb1ESt26random_access_iterator_tagE8__copy_mIiEEPT_PKS3_S6_S4_,"axG",@progbits,_ZNSt11__copy_moveILb1ELb1ESt26random_access_iterator_tagE8__copy_mIiEEPT_PKS3_S6_S4_,comdat
	.weak	_ZNSt11__copy_moveILb1ELb1ESt26random_access_iterator_tagE8__copy_mIiEEPT_PKS3_S6_S4_
	.type	_ZNSt11__copy_moveILb1ELb1ESt26random_access_iterator_tagE8__copy_mIiEEPT_PKS3_S6_S4_, @function
_ZNSt11__copy_moveILb1ELb1ESt26random_access_iterator_tagE8__copy_mIiEEPT_PKS3_S6_S4_:
.LFB2495:
	.cfi_startproc
	endbr64
	pushq	%rbp
	.cfi_def_cfa_offset 16
	.cfi_offset 6, -16
	movq	%rsp, %rbp
	.cfi_def_cfa_register 6
	subq	$48, %rsp
	movq	%rdi, -24(%rbp)
	movq	%rsi, -32(%rbp)
	movq	%rdx, -40(%rbp)
	movq	-32(%rbp), %rax
	subq	-24(%rbp), %rax
	sarq	$2, %rax
	movq	%rax, -8(%rbp)
	cmpq	$0, -8(%rbp)
	je	.L210
	movq	-8(%rbp), %rax
	leaq	0(,%rax,4), %rdx
	movq	-24(%rbp), %rcx
	movq	-40(%rbp), %rax
	movq	%rcx, %rsi
	movq	%rax, %rdi
	call	memmove@PLT
.L210:
	movq	-8(%rbp), %rax
	leaq	0(,%rax,4), %rdx
	movq	-40(%rbp), %rax
	addq	%rdx, %rax
	leave
	.cfi_def_cfa 7, 8
	ret
	.cfi_endproc
.LFE2495:
	.size	_ZNSt11__copy_moveILb1ELb1ESt26random_access_iterator_tagE8__copy_mIiEEPT_PKS3_S6_S4_, .-_ZNSt11__copy_moveILb1ELb1ESt26random_access_iterator_tagE8__copy_mIiEEPT_PKS3_S6_S4_
	.text
	.type	_Z41__static_initialization_and_destruction_0ii, @function
_Z41__static_initialization_and_destruction_0ii:
.LFB2496:
	.cfi_startproc
	endbr64
	pushq	%rbp
	.cfi_def_cfa_offset 16
	.cfi_offset 6, -16
	movq	%rsp, %rbp
	.cfi_def_cfa_register 6
	subq	$16, %rsp
	movl	%edi, -4(%rbp)
	movl	%esi, -8(%rbp)
	cmpl	$1, -4(%rbp)
	jne	.L214
	cmpl	$65535, -8(%rbp)
	jne	.L214
	leaq	_ZStL8__ioinit(%rip), %rdi
	call	_ZNSt8ios_base4InitC1Ev@PLT
	leaq	__dso_handle(%rip), %rdx
	leaq	_ZStL8__ioinit(%rip), %rsi
	movq	_ZNSt8ios_base4InitD1Ev@GOTPCREL(%rip), %rax
	movq	%rax, %rdi
	call	__cxa_atexit@PLT
.L214:
	nop
	leave
	.cfi_def_cfa 7, 8
	ret
	.cfi_endproc
.LFE2496:
	.size	_Z41__static_initialization_and_destruction_0ii, .-_Z41__static_initialization_and_destruction_0ii
	.type	_GLOBAL__sub_I_main, @function
_GLOBAL__sub_I_main:
.LFB2497:
	.cfi_startproc
	endbr64
	pushq	%rbp
	.cfi_def_cfa_offset 16
	.cfi_offset 6, -16
	movq	%rsp, %rbp
	.cfi_def_cfa_register 6
	movl	$65535, %esi
	movl	$1, %edi
	call	_Z41__static_initialization_and_destruction_0ii
	popq	%rbp
	.cfi_def_cfa 7, 8
	ret
	.cfi_endproc
.LFE2497:
	.size	_GLOBAL__sub_I_main, .-_GLOBAL__sub_I_main
	.section	.init_array,"aw"
	.align 8
	.quad	_GLOBAL__sub_I_main
	.hidden	DW.ref.__gxx_personality_v0
	.weak	DW.ref.__gxx_personality_v0
	.section	.data.rel.local.DW.ref.__gxx_personality_v0,"awG",@progbits,DW.ref.__gxx_personality_v0,comdat
	.align 8
	.type	DW.ref.__gxx_personality_v0, @object
	.size	DW.ref.__gxx_personality_v0, 8
DW.ref.__gxx_personality_v0:
	.quad	__gxx_personality_v0
	.hidden	__dso_handle
	.ident	"GCC: (Ubuntu 9.4.0-1ubuntu1~20.04) 9.4.0"
	.section	.note.GNU-stack,"",@progbits
	.section	.note.gnu.property,"a"
	.align 8
	.long	 1f - 0f
	.long	 4f - 1f
	.long	 5
0:
	.string	 "GNU"
1:
	.align 8
	.long	 0xc0000002
	.long	 3f - 2f
2:
	.long	 0x3
3:
	.align 8
4:
